   1              		.syntax unified
   2              		.cpu cortex-m4
   3              		.fpu softvfp
   4              		.eabi_attribute 20, 1
   5              		.eabi_attribute 21, 1
   6              		.eabi_attribute 23, 3
   7              		.eabi_attribute 24, 1
   8              		.eabi_attribute 25, 1
   9              		.eabi_attribute 26, 1
  10              		.eabi_attribute 30, 6
  11              		.eabi_attribute 34, 1
  12              		.eabi_attribute 18, 4
  13              		.thumb
  14              		.file	"stm32f4xx_iwdg.c"
  15              		.text
  16              	.Ltext0:
  17              		.cfi_sections	.debug_frame
  18              		.align	2
  19              		.global	IWDG_WriteAccessCmd
  20              		.thumb
  21              		.thumb_func
  23              	IWDG_WriteAccessCmd:
  24              	.LFB110:
  25              		.file 1 "../Libraries/STM32F4xx_StdPeriph_Driver/src/stm32f4xx_iwdg.c"
   1:../Libraries/STM32F4xx_StdPeriph_Driver/src/stm32f4xx_iwdg.c **** /**
   2:../Libraries/STM32F4xx_StdPeriph_Driver/src/stm32f4xx_iwdg.c ****   ******************************************************************************
   3:../Libraries/STM32F4xx_StdPeriph_Driver/src/stm32f4xx_iwdg.c ****   * @file    stm32f4xx_iwdg.c
   4:../Libraries/STM32F4xx_StdPeriph_Driver/src/stm32f4xx_iwdg.c ****   * @author  MCD Application Team
   5:../Libraries/STM32F4xx_StdPeriph_Driver/src/stm32f4xx_iwdg.c ****   * @version V1.0.0RC1
   6:../Libraries/STM32F4xx_StdPeriph_Driver/src/stm32f4xx_iwdg.c ****   * @date    25-August-2011
   7:../Libraries/STM32F4xx_StdPeriph_Driver/src/stm32f4xx_iwdg.c ****   * @brief   This file provides firmware functions to manage the following 
   8:../Libraries/STM32F4xx_StdPeriph_Driver/src/stm32f4xx_iwdg.c ****   *          functionalities of the Independent watchdog (IWDG) peripheral:           
   9:../Libraries/STM32F4xx_StdPeriph_Driver/src/stm32f4xx_iwdg.c ****   *           - Prescaler and Counter configuration
  10:../Libraries/STM32F4xx_StdPeriph_Driver/src/stm32f4xx_iwdg.c ****   *           - IWDG activation
  11:../Libraries/STM32F4xx_StdPeriph_Driver/src/stm32f4xx_iwdg.c ****   *           - Flag management
  12:../Libraries/STM32F4xx_StdPeriph_Driver/src/stm32f4xx_iwdg.c ****   *
  13:../Libraries/STM32F4xx_StdPeriph_Driver/src/stm32f4xx_iwdg.c ****   *  @verbatim  
  14:../Libraries/STM32F4xx_StdPeriph_Driver/src/stm32f4xx_iwdg.c ****   *  
  15:../Libraries/STM32F4xx_StdPeriph_Driver/src/stm32f4xx_iwdg.c ****   *          ===================================================================
  16:../Libraries/STM32F4xx_StdPeriph_Driver/src/stm32f4xx_iwdg.c ****   *                                     IWDG features
  17:../Libraries/STM32F4xx_StdPeriph_Driver/src/stm32f4xx_iwdg.c ****   *          ===================================================================
  18:../Libraries/STM32F4xx_StdPeriph_Driver/src/stm32f4xx_iwdg.c ****   *    
  19:../Libraries/STM32F4xx_StdPeriph_Driver/src/stm32f4xx_iwdg.c ****   *          The IWDG can be started by either software or hardware (configurable
  20:../Libraries/STM32F4xx_StdPeriph_Driver/src/stm32f4xx_iwdg.c ****   *          through option byte).
  21:../Libraries/STM32F4xx_StdPeriph_Driver/src/stm32f4xx_iwdg.c ****   *            
  22:../Libraries/STM32F4xx_StdPeriph_Driver/src/stm32f4xx_iwdg.c ****   *          The IWDG is clocked by its own dedicated low-speed clock (LSI) and
  23:../Libraries/STM32F4xx_StdPeriph_Driver/src/stm32f4xx_iwdg.c ****   *          thus stays active even if the main clock fails.
  24:../Libraries/STM32F4xx_StdPeriph_Driver/src/stm32f4xx_iwdg.c ****   *          Once the IWDG is started, the LSI is forced ON and cannot be disabled
  25:../Libraries/STM32F4xx_StdPeriph_Driver/src/stm32f4xx_iwdg.c ****   *          (LSI cannot be disabled too), and the counter starts counting down from 
  26:../Libraries/STM32F4xx_StdPeriph_Driver/src/stm32f4xx_iwdg.c ****   *          the reset value of 0xFFF. When it reaches the end of count value (0x000)
  27:../Libraries/STM32F4xx_StdPeriph_Driver/src/stm32f4xx_iwdg.c ****   *          a system reset is generated.
  28:../Libraries/STM32F4xx_StdPeriph_Driver/src/stm32f4xx_iwdg.c ****   *          The IWDG counter should be reloaded at regular intervals to prevent
  29:../Libraries/STM32F4xx_StdPeriph_Driver/src/stm32f4xx_iwdg.c ****   *          an MCU reset.
  30:../Libraries/STM32F4xx_StdPeriph_Driver/src/stm32f4xx_iwdg.c ****   *                           
  31:../Libraries/STM32F4xx_StdPeriph_Driver/src/stm32f4xx_iwdg.c ****   *          The IWDG is implemented in the VDD voltage domain that is still functional
  32:../Libraries/STM32F4xx_StdPeriph_Driver/src/stm32f4xx_iwdg.c ****   *          in STOP and STANDBY mode (IWDG reset can wake-up from STANDBY).          
  33:../Libraries/STM32F4xx_StdPeriph_Driver/src/stm32f4xx_iwdg.c ****   *            
  34:../Libraries/STM32F4xx_StdPeriph_Driver/src/stm32f4xx_iwdg.c ****   *          IWDGRST flag in RCC_CSR register can be used to inform when a IWDG
  35:../Libraries/STM32F4xx_StdPeriph_Driver/src/stm32f4xx_iwdg.c ****   *          reset occurs.
  36:../Libraries/STM32F4xx_StdPeriph_Driver/src/stm32f4xx_iwdg.c ****   *            
  37:../Libraries/STM32F4xx_StdPeriph_Driver/src/stm32f4xx_iwdg.c ****   *          Min-max timeout value @32KHz (LSI): ~125us / ~32.7s
  38:../Libraries/STM32F4xx_StdPeriph_Driver/src/stm32f4xx_iwdg.c ****   *          The IWDG timeout may vary due to LSI frequency dispersion. STM32F4xx
  39:../Libraries/STM32F4xx_StdPeriph_Driver/src/stm32f4xx_iwdg.c ****   *          devices provide the capability to measure the LSI frequency (LSI clock
  40:../Libraries/STM32F4xx_StdPeriph_Driver/src/stm32f4xx_iwdg.c ****   *          connected internally to TIM5 CH4 input capture). The measured value
  41:../Libraries/STM32F4xx_StdPeriph_Driver/src/stm32f4xx_iwdg.c ****   *          can be used to have an IWDG timeout with an acceptable accuracy. 
  42:../Libraries/STM32F4xx_StdPeriph_Driver/src/stm32f4xx_iwdg.c ****   *          For more information, please refer to the STM32F4xx Reference manual
  43:../Libraries/STM32F4xx_StdPeriph_Driver/src/stm32f4xx_iwdg.c ****   *          
  44:../Libraries/STM32F4xx_StdPeriph_Driver/src/stm32f4xx_iwdg.c ****   *                            
  45:../Libraries/STM32F4xx_StdPeriph_Driver/src/stm32f4xx_iwdg.c ****   *          ===================================================================
  46:../Libraries/STM32F4xx_StdPeriph_Driver/src/stm32f4xx_iwdg.c ****   *                                 How to use this driver
  47:../Libraries/STM32F4xx_StdPeriph_Driver/src/stm32f4xx_iwdg.c ****   *          ===================================================================
  48:../Libraries/STM32F4xx_StdPeriph_Driver/src/stm32f4xx_iwdg.c ****   *          1. Enable write access to IWDG_PR and IWDG_RLR registers using
  49:../Libraries/STM32F4xx_StdPeriph_Driver/src/stm32f4xx_iwdg.c ****   *             IWDG_WriteAccessCmd(IWDG_WriteAccess_Enable) function
  50:../Libraries/STM32F4xx_StdPeriph_Driver/src/stm32f4xx_iwdg.c ****   *               
  51:../Libraries/STM32F4xx_StdPeriph_Driver/src/stm32f4xx_iwdg.c ****   *          2. Configure the IWDG prescaler using IWDG_SetPrescaler() function
  52:../Libraries/STM32F4xx_StdPeriph_Driver/src/stm32f4xx_iwdg.c ****   *            
  53:../Libraries/STM32F4xx_StdPeriph_Driver/src/stm32f4xx_iwdg.c ****   *          3. Configure the IWDG counter value using IWDG_SetReload() function.
  54:../Libraries/STM32F4xx_StdPeriph_Driver/src/stm32f4xx_iwdg.c ****   *             This value will be loaded in the IWDG counter each time the counter
  55:../Libraries/STM32F4xx_StdPeriph_Driver/src/stm32f4xx_iwdg.c ****   *             is reloaded, then the IWDG will start counting down from this value.
  56:../Libraries/STM32F4xx_StdPeriph_Driver/src/stm32f4xx_iwdg.c ****   *            
  57:../Libraries/STM32F4xx_StdPeriph_Driver/src/stm32f4xx_iwdg.c ****   *          4. Start the IWDG using IWDG_Enable() function, when the IWDG is used
  58:../Libraries/STM32F4xx_StdPeriph_Driver/src/stm32f4xx_iwdg.c ****   *             in software mode (no need to enable the LSI, it will be enabled
  59:../Libraries/STM32F4xx_StdPeriph_Driver/src/stm32f4xx_iwdg.c ****   *             by hardware)
  60:../Libraries/STM32F4xx_StdPeriph_Driver/src/stm32f4xx_iwdg.c ****   *             
  61:../Libraries/STM32F4xx_StdPeriph_Driver/src/stm32f4xx_iwdg.c ****   *          5. Then the application program must reload the IWDG counter at regular
  62:../Libraries/STM32F4xx_StdPeriph_Driver/src/stm32f4xx_iwdg.c ****   *             intervals during normal operation to prevent an MCU reset, using
  63:../Libraries/STM32F4xx_StdPeriph_Driver/src/stm32f4xx_iwdg.c ****   *             IWDG_ReloadCounter() function.      
  64:../Libraries/STM32F4xx_StdPeriph_Driver/src/stm32f4xx_iwdg.c ****   *          
  65:../Libraries/STM32F4xx_StdPeriph_Driver/src/stm32f4xx_iwdg.c ****   *  @endverbatim
  66:../Libraries/STM32F4xx_StdPeriph_Driver/src/stm32f4xx_iwdg.c ****   *    
  67:../Libraries/STM32F4xx_StdPeriph_Driver/src/stm32f4xx_iwdg.c ****   ******************************************************************************
  68:../Libraries/STM32F4xx_StdPeriph_Driver/src/stm32f4xx_iwdg.c ****   * @attention
  69:../Libraries/STM32F4xx_StdPeriph_Driver/src/stm32f4xx_iwdg.c ****   *
  70:../Libraries/STM32F4xx_StdPeriph_Driver/src/stm32f4xx_iwdg.c ****   * THE PRESENT FIRMWARE WHICH IS FOR GUIDANCE ONLY AIMS AT PROVIDING CUSTOMERS
  71:../Libraries/STM32F4xx_StdPeriph_Driver/src/stm32f4xx_iwdg.c ****   * WITH CODING INFORMATION REGARDING THEIR PRODUCTS IN ORDER FOR THEM TO SAVE
  72:../Libraries/STM32F4xx_StdPeriph_Driver/src/stm32f4xx_iwdg.c ****   * TIME. AS A RESULT, STMICROELECTRONICS SHALL NOT BE HELD LIABLE FOR ANY
  73:../Libraries/STM32F4xx_StdPeriph_Driver/src/stm32f4xx_iwdg.c ****   * DIRECT, INDIRECT OR CONSEQUENTIAL DAMAGES WITH RESPECT TO ANY CLAIMS ARISING
  74:../Libraries/STM32F4xx_StdPeriph_Driver/src/stm32f4xx_iwdg.c ****   * FROM THE CONTENT OF SUCH FIRMWARE AND/OR THE USE MADE BY CUSTOMERS OF THE
  75:../Libraries/STM32F4xx_StdPeriph_Driver/src/stm32f4xx_iwdg.c ****   * CODING INFORMATION CONTAINED HEREIN IN CONNECTION WITH THEIR PRODUCTS.
  76:../Libraries/STM32F4xx_StdPeriph_Driver/src/stm32f4xx_iwdg.c ****   *
  77:../Libraries/STM32F4xx_StdPeriph_Driver/src/stm32f4xx_iwdg.c ****   * <h2><center>&copy; COPYRIGHT 2011 STMicroelectronics</center></h2>
  78:../Libraries/STM32F4xx_StdPeriph_Driver/src/stm32f4xx_iwdg.c ****   ******************************************************************************
  79:../Libraries/STM32F4xx_StdPeriph_Driver/src/stm32f4xx_iwdg.c ****   */
  80:../Libraries/STM32F4xx_StdPeriph_Driver/src/stm32f4xx_iwdg.c **** 
  81:../Libraries/STM32F4xx_StdPeriph_Driver/src/stm32f4xx_iwdg.c **** /* Includes ------------------------------------------------------------------*/
  82:../Libraries/STM32F4xx_StdPeriph_Driver/src/stm32f4xx_iwdg.c **** #include "stm32f4xx_iwdg.h"
  83:../Libraries/STM32F4xx_StdPeriph_Driver/src/stm32f4xx_iwdg.c **** 
  84:../Libraries/STM32F4xx_StdPeriph_Driver/src/stm32f4xx_iwdg.c **** /** @addtogroup STM32F4xx_StdPeriph_Driver
  85:../Libraries/STM32F4xx_StdPeriph_Driver/src/stm32f4xx_iwdg.c ****   * @{
  86:../Libraries/STM32F4xx_StdPeriph_Driver/src/stm32f4xx_iwdg.c ****   */
  87:../Libraries/STM32F4xx_StdPeriph_Driver/src/stm32f4xx_iwdg.c **** 
  88:../Libraries/STM32F4xx_StdPeriph_Driver/src/stm32f4xx_iwdg.c **** /** @defgroup IWDG 
  89:../Libraries/STM32F4xx_StdPeriph_Driver/src/stm32f4xx_iwdg.c ****   * @brief IWDG driver modules
  90:../Libraries/STM32F4xx_StdPeriph_Driver/src/stm32f4xx_iwdg.c ****   * @{
  91:../Libraries/STM32F4xx_StdPeriph_Driver/src/stm32f4xx_iwdg.c ****   */ 
  92:../Libraries/STM32F4xx_StdPeriph_Driver/src/stm32f4xx_iwdg.c **** 
  93:../Libraries/STM32F4xx_StdPeriph_Driver/src/stm32f4xx_iwdg.c **** /* Private typedef -----------------------------------------------------------*/
  94:../Libraries/STM32F4xx_StdPeriph_Driver/src/stm32f4xx_iwdg.c **** /* Private define ------------------------------------------------------------*/
  95:../Libraries/STM32F4xx_StdPeriph_Driver/src/stm32f4xx_iwdg.c **** 
  96:../Libraries/STM32F4xx_StdPeriph_Driver/src/stm32f4xx_iwdg.c **** /* KR register bit mask */
  97:../Libraries/STM32F4xx_StdPeriph_Driver/src/stm32f4xx_iwdg.c **** #define KR_KEY_RELOAD    ((uint16_t)0xAAAA)
  98:../Libraries/STM32F4xx_StdPeriph_Driver/src/stm32f4xx_iwdg.c **** #define KR_KEY_ENABLE    ((uint16_t)0xCCCC)
  99:../Libraries/STM32F4xx_StdPeriph_Driver/src/stm32f4xx_iwdg.c **** 
 100:../Libraries/STM32F4xx_StdPeriph_Driver/src/stm32f4xx_iwdg.c **** /* Private macro -------------------------------------------------------------*/
 101:../Libraries/STM32F4xx_StdPeriph_Driver/src/stm32f4xx_iwdg.c **** /* Private variables ---------------------------------------------------------*/
 102:../Libraries/STM32F4xx_StdPeriph_Driver/src/stm32f4xx_iwdg.c **** /* Private function prototypes -----------------------------------------------*/
 103:../Libraries/STM32F4xx_StdPeriph_Driver/src/stm32f4xx_iwdg.c **** /* Private functions ---------------------------------------------------------*/
 104:../Libraries/STM32F4xx_StdPeriph_Driver/src/stm32f4xx_iwdg.c **** 
 105:../Libraries/STM32F4xx_StdPeriph_Driver/src/stm32f4xx_iwdg.c **** /** @defgroup IWDG_Private_Functions
 106:../Libraries/STM32F4xx_StdPeriph_Driver/src/stm32f4xx_iwdg.c ****   * @{
 107:../Libraries/STM32F4xx_StdPeriph_Driver/src/stm32f4xx_iwdg.c ****   */
 108:../Libraries/STM32F4xx_StdPeriph_Driver/src/stm32f4xx_iwdg.c **** 
 109:../Libraries/STM32F4xx_StdPeriph_Driver/src/stm32f4xx_iwdg.c **** /** @defgroup IWDG_Group1 Prescaler and Counter configuration functions
 110:../Libraries/STM32F4xx_StdPeriph_Driver/src/stm32f4xx_iwdg.c ****  *  @brief   Prescaler and Counter configuration functions
 111:../Libraries/STM32F4xx_StdPeriph_Driver/src/stm32f4xx_iwdg.c ****  *
 112:../Libraries/STM32F4xx_StdPeriph_Driver/src/stm32f4xx_iwdg.c **** @verbatim   
 113:../Libraries/STM32F4xx_StdPeriph_Driver/src/stm32f4xx_iwdg.c ****  ===============================================================================
 114:../Libraries/STM32F4xx_StdPeriph_Driver/src/stm32f4xx_iwdg.c ****                   Prescaler and Counter configuration functions
 115:../Libraries/STM32F4xx_StdPeriph_Driver/src/stm32f4xx_iwdg.c ****  ===============================================================================  
 116:../Libraries/STM32F4xx_StdPeriph_Driver/src/stm32f4xx_iwdg.c **** 
 117:../Libraries/STM32F4xx_StdPeriph_Driver/src/stm32f4xx_iwdg.c **** @endverbatim
 118:../Libraries/STM32F4xx_StdPeriph_Driver/src/stm32f4xx_iwdg.c ****   * @{
 119:../Libraries/STM32F4xx_StdPeriph_Driver/src/stm32f4xx_iwdg.c ****   */
 120:../Libraries/STM32F4xx_StdPeriph_Driver/src/stm32f4xx_iwdg.c **** 
 121:../Libraries/STM32F4xx_StdPeriph_Driver/src/stm32f4xx_iwdg.c **** /**
 122:../Libraries/STM32F4xx_StdPeriph_Driver/src/stm32f4xx_iwdg.c ****   * @brief  Enables or disables write access to IWDG_PR and IWDG_RLR registers.
 123:../Libraries/STM32F4xx_StdPeriph_Driver/src/stm32f4xx_iwdg.c ****   * @param  IWDG_WriteAccess: new state of write access to IWDG_PR and IWDG_RLR registers.
 124:../Libraries/STM32F4xx_StdPeriph_Driver/src/stm32f4xx_iwdg.c ****   *          This parameter can be one of the following values:
 125:../Libraries/STM32F4xx_StdPeriph_Driver/src/stm32f4xx_iwdg.c ****   *            @arg IWDG_WriteAccess_Enable: Enable write access to IWDG_PR and IWDG_RLR registers
 126:../Libraries/STM32F4xx_StdPeriph_Driver/src/stm32f4xx_iwdg.c ****   *            @arg IWDG_WriteAccess_Disable: Disable write access to IWDG_PR and IWDG_RLR register
 127:../Libraries/STM32F4xx_StdPeriph_Driver/src/stm32f4xx_iwdg.c ****   * @retval None
 128:../Libraries/STM32F4xx_StdPeriph_Driver/src/stm32f4xx_iwdg.c ****   */
 129:../Libraries/STM32F4xx_StdPeriph_Driver/src/stm32f4xx_iwdg.c **** void IWDG_WriteAccessCmd(uint16_t IWDG_WriteAccess)
 130:../Libraries/STM32F4xx_StdPeriph_Driver/src/stm32f4xx_iwdg.c **** {
  26              		.loc 1 130 0
  27              		.cfi_startproc
  28              		@ args = 0, pretend = 0, frame = 8
  29              		@ frame_needed = 1, uses_anonymous_args = 0
  30              		@ link register save eliminated.
  31 0000 80B4     		push	{r7}
  32              	.LCFI0:
  33              		.cfi_def_cfa_offset 4
  34              		.cfi_offset 7, -4
  35 0002 83B0     		sub	sp, sp, #12
  36              	.LCFI1:
  37              		.cfi_def_cfa_offset 16
  38 0004 00AF     		add	r7, sp, #0
  39              	.LCFI2:
  40              		.cfi_def_cfa_register 7
  41 0006 0346     		mov	r3, r0
  42 0008 FB80     		strh	r3, [r7, #6]	@ movhi
 131:../Libraries/STM32F4xx_StdPeriph_Driver/src/stm32f4xx_iwdg.c ****   /* Check the parameters */
 132:../Libraries/STM32F4xx_StdPeriph_Driver/src/stm32f4xx_iwdg.c ****   assert_param(IS_IWDG_WRITE_ACCESS(IWDG_WriteAccess));
 133:../Libraries/STM32F4xx_StdPeriph_Driver/src/stm32f4xx_iwdg.c ****   IWDG->KR = IWDG_WriteAccess;
  43              		.loc 1 133 0
  44 000a 4FF44053 		mov	r3, #12288
  45 000e C4F20003 		movt	r3, 16384
  46 0012 FA88     		ldrh	r2, [r7, #6]
  47 0014 1A60     		str	r2, [r3, #0]
 134:../Libraries/STM32F4xx_StdPeriph_Driver/src/stm32f4xx_iwdg.c **** }
  48              		.loc 1 134 0
  49 0016 07F10C07 		add	r7, r7, #12
  50 001a BD46     		mov	sp, r7
  51 001c 80BC     		pop	{r7}
  52 001e 7047     		bx	lr
  53              		.cfi_endproc
  54              	.LFE110:
  56              		.align	2
  57              		.global	IWDG_SetPrescaler
  58              		.thumb
  59              		.thumb_func
  61              	IWDG_SetPrescaler:
  62              	.LFB111:
 135:../Libraries/STM32F4xx_StdPeriph_Driver/src/stm32f4xx_iwdg.c **** 
 136:../Libraries/STM32F4xx_StdPeriph_Driver/src/stm32f4xx_iwdg.c **** /**
 137:../Libraries/STM32F4xx_StdPeriph_Driver/src/stm32f4xx_iwdg.c ****   * @brief  Sets IWDG Prescaler value.
 138:../Libraries/STM32F4xx_StdPeriph_Driver/src/stm32f4xx_iwdg.c ****   * @param  IWDG_Prescaler: specifies the IWDG Prescaler value.
 139:../Libraries/STM32F4xx_StdPeriph_Driver/src/stm32f4xx_iwdg.c ****   *          This parameter can be one of the following values:
 140:../Libraries/STM32F4xx_StdPeriph_Driver/src/stm32f4xx_iwdg.c ****   *            @arg IWDG_Prescaler_4: IWDG prescaler set to 4
 141:../Libraries/STM32F4xx_StdPeriph_Driver/src/stm32f4xx_iwdg.c ****   *            @arg IWDG_Prescaler_8: IWDG prescaler set to 8
 142:../Libraries/STM32F4xx_StdPeriph_Driver/src/stm32f4xx_iwdg.c ****   *            @arg IWDG_Prescaler_16: IWDG prescaler set to 16
 143:../Libraries/STM32F4xx_StdPeriph_Driver/src/stm32f4xx_iwdg.c ****   *            @arg IWDG_Prescaler_32: IWDG prescaler set to 32
 144:../Libraries/STM32F4xx_StdPeriph_Driver/src/stm32f4xx_iwdg.c ****   *            @arg IWDG_Prescaler_64: IWDG prescaler set to 64
 145:../Libraries/STM32F4xx_StdPeriph_Driver/src/stm32f4xx_iwdg.c ****   *            @arg IWDG_Prescaler_128: IWDG prescaler set to 128
 146:../Libraries/STM32F4xx_StdPeriph_Driver/src/stm32f4xx_iwdg.c ****   *            @arg IWDG_Prescaler_256: IWDG prescaler set to 256
 147:../Libraries/STM32F4xx_StdPeriph_Driver/src/stm32f4xx_iwdg.c ****   * @retval None
 148:../Libraries/STM32F4xx_StdPeriph_Driver/src/stm32f4xx_iwdg.c ****   */
 149:../Libraries/STM32F4xx_StdPeriph_Driver/src/stm32f4xx_iwdg.c **** void IWDG_SetPrescaler(uint8_t IWDG_Prescaler)
 150:../Libraries/STM32F4xx_StdPeriph_Driver/src/stm32f4xx_iwdg.c **** {
  63              		.loc 1 150 0
  64              		.cfi_startproc
  65              		@ args = 0, pretend = 0, frame = 8
  66              		@ frame_needed = 1, uses_anonymous_args = 0
  67              		@ link register save eliminated.
  68 0020 80B4     		push	{r7}
  69              	.LCFI3:
  70              		.cfi_def_cfa_offset 4
  71              		.cfi_offset 7, -4
  72 0022 83B0     		sub	sp, sp, #12
  73              	.LCFI4:
  74              		.cfi_def_cfa_offset 16
  75 0024 00AF     		add	r7, sp, #0
  76              	.LCFI5:
  77              		.cfi_def_cfa_register 7
  78 0026 0346     		mov	r3, r0
  79 0028 FB71     		strb	r3, [r7, #7]
 151:../Libraries/STM32F4xx_StdPeriph_Driver/src/stm32f4xx_iwdg.c ****   /* Check the parameters */
 152:../Libraries/STM32F4xx_StdPeriph_Driver/src/stm32f4xx_iwdg.c ****   assert_param(IS_IWDG_PRESCALER(IWDG_Prescaler));
 153:../Libraries/STM32F4xx_StdPeriph_Driver/src/stm32f4xx_iwdg.c ****   IWDG->PR = IWDG_Prescaler;
  80              		.loc 1 153 0
  81 002a 4FF44053 		mov	r3, #12288
  82 002e C4F20003 		movt	r3, 16384
  83 0032 FA79     		ldrb	r2, [r7, #7]	@ zero_extendqisi2
  84 0034 5A60     		str	r2, [r3, #4]
 154:../Libraries/STM32F4xx_StdPeriph_Driver/src/stm32f4xx_iwdg.c **** }
  85              		.loc 1 154 0
  86 0036 07F10C07 		add	r7, r7, #12
  87 003a BD46     		mov	sp, r7
  88 003c 80BC     		pop	{r7}
  89 003e 7047     		bx	lr
  90              		.cfi_endproc
  91              	.LFE111:
  93              		.align	2
  94              		.global	IWDG_SetReload
  95              		.thumb
  96              		.thumb_func
  98              	IWDG_SetReload:
  99              	.LFB112:
 155:../Libraries/STM32F4xx_StdPeriph_Driver/src/stm32f4xx_iwdg.c **** 
 156:../Libraries/STM32F4xx_StdPeriph_Driver/src/stm32f4xx_iwdg.c **** /**
 157:../Libraries/STM32F4xx_StdPeriph_Driver/src/stm32f4xx_iwdg.c ****   * @brief  Sets IWDG Reload value.
 158:../Libraries/STM32F4xx_StdPeriph_Driver/src/stm32f4xx_iwdg.c ****   * @param  Reload: specifies the IWDG Reload value.
 159:../Libraries/STM32F4xx_StdPeriph_Driver/src/stm32f4xx_iwdg.c ****   *          This parameter must be a number between 0 and 0x0FFF.
 160:../Libraries/STM32F4xx_StdPeriph_Driver/src/stm32f4xx_iwdg.c ****   * @retval None
 161:../Libraries/STM32F4xx_StdPeriph_Driver/src/stm32f4xx_iwdg.c ****   */
 162:../Libraries/STM32F4xx_StdPeriph_Driver/src/stm32f4xx_iwdg.c **** void IWDG_SetReload(uint16_t Reload)
 163:../Libraries/STM32F4xx_StdPeriph_Driver/src/stm32f4xx_iwdg.c **** {
 100              		.loc 1 163 0
 101              		.cfi_startproc
 102              		@ args = 0, pretend = 0, frame = 8
 103              		@ frame_needed = 1, uses_anonymous_args = 0
 104              		@ link register save eliminated.
 105 0040 80B4     		push	{r7}
 106              	.LCFI6:
 107              		.cfi_def_cfa_offset 4
 108              		.cfi_offset 7, -4
 109 0042 83B0     		sub	sp, sp, #12
 110              	.LCFI7:
 111              		.cfi_def_cfa_offset 16
 112 0044 00AF     		add	r7, sp, #0
 113              	.LCFI8:
 114              		.cfi_def_cfa_register 7
 115 0046 0346     		mov	r3, r0
 116 0048 FB80     		strh	r3, [r7, #6]	@ movhi
 164:../Libraries/STM32F4xx_StdPeriph_Driver/src/stm32f4xx_iwdg.c ****   /* Check the parameters */
 165:../Libraries/STM32F4xx_StdPeriph_Driver/src/stm32f4xx_iwdg.c ****   assert_param(IS_IWDG_RELOAD(Reload));
 166:../Libraries/STM32F4xx_StdPeriph_Driver/src/stm32f4xx_iwdg.c ****   IWDG->RLR = Reload;
 117              		.loc 1 166 0
 118 004a 4FF44053 		mov	r3, #12288
 119 004e C4F20003 		movt	r3, 16384
 120 0052 FA88     		ldrh	r2, [r7, #6]
 121 0054 9A60     		str	r2, [r3, #8]
 167:../Libraries/STM32F4xx_StdPeriph_Driver/src/stm32f4xx_iwdg.c **** }
 122              		.loc 1 167 0
 123 0056 07F10C07 		add	r7, r7, #12
 124 005a BD46     		mov	sp, r7
 125 005c 80BC     		pop	{r7}
 126 005e 7047     		bx	lr
 127              		.cfi_endproc
 128              	.LFE112:
 130              		.align	2
 131              		.global	IWDG_ReloadCounter
 132              		.thumb
 133              		.thumb_func
 135              	IWDG_ReloadCounter:
 136              	.LFB113:
 168:../Libraries/STM32F4xx_StdPeriph_Driver/src/stm32f4xx_iwdg.c **** 
 169:../Libraries/STM32F4xx_StdPeriph_Driver/src/stm32f4xx_iwdg.c **** /**
 170:../Libraries/STM32F4xx_StdPeriph_Driver/src/stm32f4xx_iwdg.c ****   * @brief  Reloads IWDG counter with value defined in the reload register
 171:../Libraries/STM32F4xx_StdPeriph_Driver/src/stm32f4xx_iwdg.c ****   *         (write access to IWDG_PR and IWDG_RLR registers disabled).
 172:../Libraries/STM32F4xx_StdPeriph_Driver/src/stm32f4xx_iwdg.c ****   * @param  None
 173:../Libraries/STM32F4xx_StdPeriph_Driver/src/stm32f4xx_iwdg.c ****   * @retval None
 174:../Libraries/STM32F4xx_StdPeriph_Driver/src/stm32f4xx_iwdg.c ****   */
 175:../Libraries/STM32F4xx_StdPeriph_Driver/src/stm32f4xx_iwdg.c **** void IWDG_ReloadCounter(void)
 176:../Libraries/STM32F4xx_StdPeriph_Driver/src/stm32f4xx_iwdg.c **** {
 137              		.loc 1 176 0
 138              		.cfi_startproc
 139              		@ args = 0, pretend = 0, frame = 0
 140              		@ frame_needed = 1, uses_anonymous_args = 0
 141              		@ link register save eliminated.
 142 0060 80B4     		push	{r7}
 143              	.LCFI9:
 144              		.cfi_def_cfa_offset 4
 145              		.cfi_offset 7, -4
 146 0062 00AF     		add	r7, sp, #0
 147              	.LCFI10:
 148              		.cfi_def_cfa_register 7
 177:../Libraries/STM32F4xx_StdPeriph_Driver/src/stm32f4xx_iwdg.c ****   IWDG->KR = KR_KEY_RELOAD;
 149              		.loc 1 177 0
 150 0064 4FF44053 		mov	r3, #12288
 151 0068 C4F20003 		movt	r3, 16384
 152 006c 4AF6AA22 		movw	r2, #43690
 153 0070 1A60     		str	r2, [r3, #0]
 178:../Libraries/STM32F4xx_StdPeriph_Driver/src/stm32f4xx_iwdg.c **** }
 154              		.loc 1 178 0
 155 0072 BD46     		mov	sp, r7
 156 0074 80BC     		pop	{r7}
 157 0076 7047     		bx	lr
 158              		.cfi_endproc
 159              	.LFE113:
 161              		.align	2
 162              		.global	IWDG_Enable
 163              		.thumb
 164              		.thumb_func
 166              	IWDG_Enable:
 167              	.LFB114:
 179:../Libraries/STM32F4xx_StdPeriph_Driver/src/stm32f4xx_iwdg.c **** 
 180:../Libraries/STM32F4xx_StdPeriph_Driver/src/stm32f4xx_iwdg.c **** /**
 181:../Libraries/STM32F4xx_StdPeriph_Driver/src/stm32f4xx_iwdg.c ****   * @}
 182:../Libraries/STM32F4xx_StdPeriph_Driver/src/stm32f4xx_iwdg.c ****   */
 183:../Libraries/STM32F4xx_StdPeriph_Driver/src/stm32f4xx_iwdg.c **** 
 184:../Libraries/STM32F4xx_StdPeriph_Driver/src/stm32f4xx_iwdg.c **** /** @defgroup IWDG_Group2 IWDG activation function
 185:../Libraries/STM32F4xx_StdPeriph_Driver/src/stm32f4xx_iwdg.c ****  *  @brief   IWDG activation function 
 186:../Libraries/STM32F4xx_StdPeriph_Driver/src/stm32f4xx_iwdg.c ****  *
 187:../Libraries/STM32F4xx_StdPeriph_Driver/src/stm32f4xx_iwdg.c **** @verbatim   
 188:../Libraries/STM32F4xx_StdPeriph_Driver/src/stm32f4xx_iwdg.c ****  ===============================================================================
 189:../Libraries/STM32F4xx_StdPeriph_Driver/src/stm32f4xx_iwdg.c ****                           IWDG activation function
 190:../Libraries/STM32F4xx_StdPeriph_Driver/src/stm32f4xx_iwdg.c ****  ===============================================================================  
 191:../Libraries/STM32F4xx_StdPeriph_Driver/src/stm32f4xx_iwdg.c **** 
 192:../Libraries/STM32F4xx_StdPeriph_Driver/src/stm32f4xx_iwdg.c **** @endverbatim
 193:../Libraries/STM32F4xx_StdPeriph_Driver/src/stm32f4xx_iwdg.c ****   * @{
 194:../Libraries/STM32F4xx_StdPeriph_Driver/src/stm32f4xx_iwdg.c ****   */
 195:../Libraries/STM32F4xx_StdPeriph_Driver/src/stm32f4xx_iwdg.c **** 
 196:../Libraries/STM32F4xx_StdPeriph_Driver/src/stm32f4xx_iwdg.c **** /**
 197:../Libraries/STM32F4xx_StdPeriph_Driver/src/stm32f4xx_iwdg.c ****   * @brief  Enables IWDG (write access to IWDG_PR and IWDG_RLR registers disabled).
 198:../Libraries/STM32F4xx_StdPeriph_Driver/src/stm32f4xx_iwdg.c ****   * @param  None
 199:../Libraries/STM32F4xx_StdPeriph_Driver/src/stm32f4xx_iwdg.c ****   * @retval None
 200:../Libraries/STM32F4xx_StdPeriph_Driver/src/stm32f4xx_iwdg.c ****   */
 201:../Libraries/STM32F4xx_StdPeriph_Driver/src/stm32f4xx_iwdg.c **** void IWDG_Enable(void)
 202:../Libraries/STM32F4xx_StdPeriph_Driver/src/stm32f4xx_iwdg.c **** {
 168              		.loc 1 202 0
 169              		.cfi_startproc
 170              		@ args = 0, pretend = 0, frame = 0
 171              		@ frame_needed = 1, uses_anonymous_args = 0
 172              		@ link register save eliminated.
 173 0078 80B4     		push	{r7}
 174              	.LCFI11:
 175              		.cfi_def_cfa_offset 4
 176              		.cfi_offset 7, -4
 177 007a 00AF     		add	r7, sp, #0
 178              	.LCFI12:
 179              		.cfi_def_cfa_register 7
 203:../Libraries/STM32F4xx_StdPeriph_Driver/src/stm32f4xx_iwdg.c ****   IWDG->KR = KR_KEY_ENABLE;
 180              		.loc 1 203 0
 181 007c 4FF44053 		mov	r3, #12288
 182 0080 C4F20003 		movt	r3, 16384
 183 0084 4CF6CC42 		movw	r2, #52428
 184 0088 1A60     		str	r2, [r3, #0]
 204:../Libraries/STM32F4xx_StdPeriph_Driver/src/stm32f4xx_iwdg.c **** }
 185              		.loc 1 204 0
 186 008a BD46     		mov	sp, r7
 187 008c 80BC     		pop	{r7}
 188 008e 7047     		bx	lr
 189              		.cfi_endproc
 190              	.LFE114:
 192              		.align	2
 193              		.global	IWDG_GetFlagStatus
 194              		.thumb
 195              		.thumb_func
 197              	IWDG_GetFlagStatus:
 198              	.LFB115:
 205:../Libraries/STM32F4xx_StdPeriph_Driver/src/stm32f4xx_iwdg.c **** 
 206:../Libraries/STM32F4xx_StdPeriph_Driver/src/stm32f4xx_iwdg.c **** /**
 207:../Libraries/STM32F4xx_StdPeriph_Driver/src/stm32f4xx_iwdg.c ****   * @}
 208:../Libraries/STM32F4xx_StdPeriph_Driver/src/stm32f4xx_iwdg.c ****   */
 209:../Libraries/STM32F4xx_StdPeriph_Driver/src/stm32f4xx_iwdg.c **** 
 210:../Libraries/STM32F4xx_StdPeriph_Driver/src/stm32f4xx_iwdg.c **** /** @defgroup IWDG_Group3 Flag management function 
 211:../Libraries/STM32F4xx_StdPeriph_Driver/src/stm32f4xx_iwdg.c ****  *  @brief  Flag management function  
 212:../Libraries/STM32F4xx_StdPeriph_Driver/src/stm32f4xx_iwdg.c ****  *
 213:../Libraries/STM32F4xx_StdPeriph_Driver/src/stm32f4xx_iwdg.c **** @verbatim   
 214:../Libraries/STM32F4xx_StdPeriph_Driver/src/stm32f4xx_iwdg.c ****  ===============================================================================
 215:../Libraries/STM32F4xx_StdPeriph_Driver/src/stm32f4xx_iwdg.c ****                             Flag management function 
 216:../Libraries/STM32F4xx_StdPeriph_Driver/src/stm32f4xx_iwdg.c ****  ===============================================================================  
 217:../Libraries/STM32F4xx_StdPeriph_Driver/src/stm32f4xx_iwdg.c **** 
 218:../Libraries/STM32F4xx_StdPeriph_Driver/src/stm32f4xx_iwdg.c **** @endverbatim
 219:../Libraries/STM32F4xx_StdPeriph_Driver/src/stm32f4xx_iwdg.c ****   * @{
 220:../Libraries/STM32F4xx_StdPeriph_Driver/src/stm32f4xx_iwdg.c ****   */
 221:../Libraries/STM32F4xx_StdPeriph_Driver/src/stm32f4xx_iwdg.c **** 
 222:../Libraries/STM32F4xx_StdPeriph_Driver/src/stm32f4xx_iwdg.c **** /**
 223:../Libraries/STM32F4xx_StdPeriph_Driver/src/stm32f4xx_iwdg.c ****   * @brief  Checks whether the specified IWDG flag is set or not.
 224:../Libraries/STM32F4xx_StdPeriph_Driver/src/stm32f4xx_iwdg.c ****   * @param  IWDG_FLAG: specifies the flag to check.
 225:../Libraries/STM32F4xx_StdPeriph_Driver/src/stm32f4xx_iwdg.c ****   *          This parameter can be one of the following values:
 226:../Libraries/STM32F4xx_StdPeriph_Driver/src/stm32f4xx_iwdg.c ****   *            @arg IWDG_FLAG_PVU: Prescaler Value Update on going
 227:../Libraries/STM32F4xx_StdPeriph_Driver/src/stm32f4xx_iwdg.c ****   *            @arg IWDG_FLAG_RVU: Reload Value Update on going
 228:../Libraries/STM32F4xx_StdPeriph_Driver/src/stm32f4xx_iwdg.c ****   * @retval The new state of IWDG_FLAG (SET or RESET).
 229:../Libraries/STM32F4xx_StdPeriph_Driver/src/stm32f4xx_iwdg.c ****   */
 230:../Libraries/STM32F4xx_StdPeriph_Driver/src/stm32f4xx_iwdg.c **** FlagStatus IWDG_GetFlagStatus(uint16_t IWDG_FLAG)
 231:../Libraries/STM32F4xx_StdPeriph_Driver/src/stm32f4xx_iwdg.c **** {
 199              		.loc 1 231 0
 200              		.cfi_startproc
 201              		@ args = 0, pretend = 0, frame = 16
 202              		@ frame_needed = 1, uses_anonymous_args = 0
 203              		@ link register save eliminated.
 204 0090 80B4     		push	{r7}
 205              	.LCFI13:
 206              		.cfi_def_cfa_offset 4
 207              		.cfi_offset 7, -4
 208 0092 85B0     		sub	sp, sp, #20
 209              	.LCFI14:
 210              		.cfi_def_cfa_offset 24
 211 0094 00AF     		add	r7, sp, #0
 212              	.LCFI15:
 213              		.cfi_def_cfa_register 7
 214 0096 0346     		mov	r3, r0
 215 0098 FB80     		strh	r3, [r7, #6]	@ movhi
 232:../Libraries/STM32F4xx_StdPeriph_Driver/src/stm32f4xx_iwdg.c ****   FlagStatus bitstatus = RESET;
 216              		.loc 1 232 0
 217 009a 4FF00003 		mov	r3, #0
 218 009e FB73     		strb	r3, [r7, #15]
 233:../Libraries/STM32F4xx_StdPeriph_Driver/src/stm32f4xx_iwdg.c ****   /* Check the parameters */
 234:../Libraries/STM32F4xx_StdPeriph_Driver/src/stm32f4xx_iwdg.c ****   assert_param(IS_IWDG_FLAG(IWDG_FLAG));
 235:../Libraries/STM32F4xx_StdPeriph_Driver/src/stm32f4xx_iwdg.c ****   if ((IWDG->SR & IWDG_FLAG) != (uint32_t)RESET)
 219              		.loc 1 235 0
 220 00a0 4FF44053 		mov	r3, #12288
 221 00a4 C4F20003 		movt	r3, 16384
 222 00a8 DA68     		ldr	r2, [r3, #12]
 223 00aa FB88     		ldrh	r3, [r7, #6]
 224 00ac 1340     		ands	r3, r3, r2
 225 00ae 002B     		cmp	r3, #0
 226 00b0 03D0     		beq	.L7
 236:../Libraries/STM32F4xx_StdPeriph_Driver/src/stm32f4xx_iwdg.c ****   {
 237:../Libraries/STM32F4xx_StdPeriph_Driver/src/stm32f4xx_iwdg.c ****     bitstatus = SET;
 227              		.loc 1 237 0
 228 00b2 4FF00103 		mov	r3, #1
 229 00b6 FB73     		strb	r3, [r7, #15]
 230 00b8 02E0     		b	.L8
 231              	.L7:
 238:../Libraries/STM32F4xx_StdPeriph_Driver/src/stm32f4xx_iwdg.c ****   }
 239:../Libraries/STM32F4xx_StdPeriph_Driver/src/stm32f4xx_iwdg.c ****   else
 240:../Libraries/STM32F4xx_StdPeriph_Driver/src/stm32f4xx_iwdg.c ****   {
 241:../Libraries/STM32F4xx_StdPeriph_Driver/src/stm32f4xx_iwdg.c ****     bitstatus = RESET;
 232              		.loc 1 241 0
 233 00ba 4FF00003 		mov	r3, #0
 234 00be FB73     		strb	r3, [r7, #15]
 235              	.L8:
 242:../Libraries/STM32F4xx_StdPeriph_Driver/src/stm32f4xx_iwdg.c ****   }
 243:../Libraries/STM32F4xx_StdPeriph_Driver/src/stm32f4xx_iwdg.c ****   /* Return the flag status */
 244:../Libraries/STM32F4xx_StdPeriph_Driver/src/stm32f4xx_iwdg.c ****   return bitstatus;
 236              		.loc 1 244 0
 237 00c0 FB7B     		ldrb	r3, [r7, #15]	@ zero_extendqisi2
 245:../Libraries/STM32F4xx_StdPeriph_Driver/src/stm32f4xx_iwdg.c **** }
 238              		.loc 1 245 0
 239 00c2 1846     		mov	r0, r3
 240 00c4 07F11407 		add	r7, r7, #20
 241 00c8 BD46     		mov	sp, r7
 242 00ca 80BC     		pop	{r7}
 243 00cc 7047     		bx	lr
 244              		.cfi_endproc
 245              	.LFE115:
 247              	.Letext0:
 248              		.file 2 "c:\\program files (x86)\\codesourcery\\eabi\\bin\\../lib/gcc/arm-none-eabi/4.6.3/../../..
 249              		.file 3 "D:\\Jure\\Projekti\\Git\\AutoPilot\\AutoPilot_SW\\Libraries\\Device\\STM32F4xx\\Include/s
 250              		.file 4 "D:\\Jure\\Projekti\\Git\\AutoPilot\\AutoPilot_SW\\Libraries\\CMSIS\\Include/core_cm4.h"
DEFINED SYMBOLS
                            *ABS*:00000000 stm32f4xx_iwdg.c
C:\Users\Jure\AppData\Local\Temp\cc0bq8Rj.s:18     .text:00000000 $t
C:\Users\Jure\AppData\Local\Temp\cc0bq8Rj.s:23     .text:00000000 IWDG_WriteAccessCmd
C:\Users\Jure\AppData\Local\Temp\cc0bq8Rj.s:61     .text:00000020 IWDG_SetPrescaler
C:\Users\Jure\AppData\Local\Temp\cc0bq8Rj.s:98     .text:00000040 IWDG_SetReload
C:\Users\Jure\AppData\Local\Temp\cc0bq8Rj.s:135    .text:00000060 IWDG_ReloadCounter
C:\Users\Jure\AppData\Local\Temp\cc0bq8Rj.s:166    .text:00000078 IWDG_Enable
C:\Users\Jure\AppData\Local\Temp\cc0bq8Rj.s:197    .text:00000090 IWDG_GetFlagStatus
                     .debug_frame:00000010 $d

NO UNDEFINED SYMBOLS
