   1              		.syntax unified
   2              		.cpu cortex-m4
   3              		.fpu softvfp
   4              		.eabi_attribute 20, 1
   5              		.eabi_attribute 21, 1
   6              		.eabi_attribute 23, 3
   7              		.eabi_attribute 24, 1
   8              		.eabi_attribute 25, 1
   9              		.eabi_attribute 26, 1
  10              		.eabi_attribute 30, 6
  11              		.eabi_attribute 34, 1
  12              		.eabi_attribute 18, 4
  13              		.thumb
  14              		.file	"stm32f4xx_syscfg.c"
  15              		.text
  16              	.Ltext0:
  17              		.cfi_sections	.debug_frame
  18              		.align	2
  19              		.global	SYSCFG_DeInit
  20              		.thumb
  21              		.thumb_func
  23              	SYSCFG_DeInit:
  24              	.LFB110:
  25              		.file 1 "../Libraries/STM32F4xx_StdPeriph_Driver/src/stm32f4xx_syscfg.c"
   1:../Libraries/STM32F4xx_StdPeriph_Driver/src/stm32f4xx_syscfg.c **** /**
   2:../Libraries/STM32F4xx_StdPeriph_Driver/src/stm32f4xx_syscfg.c ****   ******************************************************************************
   3:../Libraries/STM32F4xx_StdPeriph_Driver/src/stm32f4xx_syscfg.c ****   * @file    stm32f4xx_syscfg.c
   4:../Libraries/STM32F4xx_StdPeriph_Driver/src/stm32f4xx_syscfg.c ****   * @author  MCD Application Team
   5:../Libraries/STM32F4xx_StdPeriph_Driver/src/stm32f4xx_syscfg.c ****   * @version V1.0.0RC1
   6:../Libraries/STM32F4xx_StdPeriph_Driver/src/stm32f4xx_syscfg.c ****   * @date    25-August-2011
   7:../Libraries/STM32F4xx_StdPeriph_Driver/src/stm32f4xx_syscfg.c ****   * @brief   This file provides firmware functions to manage the SYSCFG peripheral.
   8:../Libraries/STM32F4xx_StdPeriph_Driver/src/stm32f4xx_syscfg.c ****   *
   9:../Libraries/STM32F4xx_StdPeriph_Driver/src/stm32f4xx_syscfg.c ****   *  @verbatim
  10:../Libraries/STM32F4xx_StdPeriph_Driver/src/stm32f4xx_syscfg.c ****   *  
  11:../Libraries/STM32F4xx_StdPeriph_Driver/src/stm32f4xx_syscfg.c ****   *          ===================================================================
  12:../Libraries/STM32F4xx_StdPeriph_Driver/src/stm32f4xx_syscfg.c ****   *                                 How to use this driver
  13:../Libraries/STM32F4xx_StdPeriph_Driver/src/stm32f4xx_syscfg.c ****   *          ===================================================================
  14:../Libraries/STM32F4xx_StdPeriph_Driver/src/stm32f4xx_syscfg.c ****   *                  
  15:../Libraries/STM32F4xx_StdPeriph_Driver/src/stm32f4xx_syscfg.c ****   *          This driver provides functions for:
  16:../Libraries/STM32F4xx_StdPeriph_Driver/src/stm32f4xx_syscfg.c ****   *          
  17:../Libraries/STM32F4xx_StdPeriph_Driver/src/stm32f4xx_syscfg.c ****   *          1. Remapping the memory accessible in the code area using SYSCFG_MemoryRemapConfig()
  18:../Libraries/STM32F4xx_StdPeriph_Driver/src/stm32f4xx_syscfg.c ****   *              
  19:../Libraries/STM32F4xx_StdPeriph_Driver/src/stm32f4xx_syscfg.c ****   *          2. Manage the EXTI lines connection to the GPIOs using SYSCFG_EXTILineConfig()
  20:../Libraries/STM32F4xx_StdPeriph_Driver/src/stm32f4xx_syscfg.c ****   *            
  21:../Libraries/STM32F4xx_StdPeriph_Driver/src/stm32f4xx_syscfg.c ****   *          3. Select the ETHERNET media interface (RMII/RII) using SYSCFG_ETH_MediaInterfaceConfi
  22:../Libraries/STM32F4xx_StdPeriph_Driver/src/stm32f4xx_syscfg.c ****   *
  23:../Libraries/STM32F4xx_StdPeriph_Driver/src/stm32f4xx_syscfg.c ****   *  @note  SYSCFG APB clock must be enabled to get write access to SYSCFG registers,
  24:../Libraries/STM32F4xx_StdPeriph_Driver/src/stm32f4xx_syscfg.c ****   *         using RCC_APB2PeriphClockCmd(RCC_APB2Periph_SYSCFG, ENABLE);
  25:../Libraries/STM32F4xx_StdPeriph_Driver/src/stm32f4xx_syscfg.c ****   *                 
  26:../Libraries/STM32F4xx_StdPeriph_Driver/src/stm32f4xx_syscfg.c ****   *  @endverbatim
  27:../Libraries/STM32F4xx_StdPeriph_Driver/src/stm32f4xx_syscfg.c ****   *      
  28:../Libraries/STM32F4xx_StdPeriph_Driver/src/stm32f4xx_syscfg.c ****   ******************************************************************************
  29:../Libraries/STM32F4xx_StdPeriph_Driver/src/stm32f4xx_syscfg.c ****   * @attention
  30:../Libraries/STM32F4xx_StdPeriph_Driver/src/stm32f4xx_syscfg.c ****   *
  31:../Libraries/STM32F4xx_StdPeriph_Driver/src/stm32f4xx_syscfg.c ****   * THE PRESENT FIRMWARE WHICH IS FOR GUIDANCE ONLY AIMS AT PROVIDING CUSTOMERS
  32:../Libraries/STM32F4xx_StdPeriph_Driver/src/stm32f4xx_syscfg.c ****   * WITH CODING INFORMATION REGARDING THEIR PRODUCTS IN ORDER FOR THEM TO SAVE
  33:../Libraries/STM32F4xx_StdPeriph_Driver/src/stm32f4xx_syscfg.c ****   * TIME. AS A RESULT, STMICROELECTRONICS SHALL NOT BE HELD LIABLE FOR ANY
  34:../Libraries/STM32F4xx_StdPeriph_Driver/src/stm32f4xx_syscfg.c ****   * DIRECT, INDIRECT OR CONSEQUENTIAL DAMAGES WITH RESPECT TO ANY CLAIMS ARISING
  35:../Libraries/STM32F4xx_StdPeriph_Driver/src/stm32f4xx_syscfg.c ****   * FROM THE CONTENT OF SUCH FIRMWARE AND/OR THE USE MADE BY CUSTOMERS OF THE
  36:../Libraries/STM32F4xx_StdPeriph_Driver/src/stm32f4xx_syscfg.c ****   * CODING INFORMATION CONTAINED HEREIN IN CONNECTION WITH THEIR PRODUCTS.
  37:../Libraries/STM32F4xx_StdPeriph_Driver/src/stm32f4xx_syscfg.c ****   *
  38:../Libraries/STM32F4xx_StdPeriph_Driver/src/stm32f4xx_syscfg.c ****   * <h2><center>&copy; COPYRIGHT 2011 STMicroelectronics</center></h2>
  39:../Libraries/STM32F4xx_StdPeriph_Driver/src/stm32f4xx_syscfg.c ****   ******************************************************************************
  40:../Libraries/STM32F4xx_StdPeriph_Driver/src/stm32f4xx_syscfg.c ****   */
  41:../Libraries/STM32F4xx_StdPeriph_Driver/src/stm32f4xx_syscfg.c **** 
  42:../Libraries/STM32F4xx_StdPeriph_Driver/src/stm32f4xx_syscfg.c **** /* Includes ------------------------------------------------------------------*/
  43:../Libraries/STM32F4xx_StdPeriph_Driver/src/stm32f4xx_syscfg.c **** #include "stm32f4xx_syscfg.h"
  44:../Libraries/STM32F4xx_StdPeriph_Driver/src/stm32f4xx_syscfg.c **** #include "stm32f4xx_rcc.h"
  45:../Libraries/STM32F4xx_StdPeriph_Driver/src/stm32f4xx_syscfg.c **** 
  46:../Libraries/STM32F4xx_StdPeriph_Driver/src/stm32f4xx_syscfg.c **** /** @addtogroup STM32F4xx_StdPeriph_Driver
  47:../Libraries/STM32F4xx_StdPeriph_Driver/src/stm32f4xx_syscfg.c ****   * @{
  48:../Libraries/STM32F4xx_StdPeriph_Driver/src/stm32f4xx_syscfg.c ****   */
  49:../Libraries/STM32F4xx_StdPeriph_Driver/src/stm32f4xx_syscfg.c **** 
  50:../Libraries/STM32F4xx_StdPeriph_Driver/src/stm32f4xx_syscfg.c **** /** @defgroup SYSCFG 
  51:../Libraries/STM32F4xx_StdPeriph_Driver/src/stm32f4xx_syscfg.c ****   * @brief SYSCFG driver modules
  52:../Libraries/STM32F4xx_StdPeriph_Driver/src/stm32f4xx_syscfg.c ****   * @{
  53:../Libraries/STM32F4xx_StdPeriph_Driver/src/stm32f4xx_syscfg.c ****   */ 
  54:../Libraries/STM32F4xx_StdPeriph_Driver/src/stm32f4xx_syscfg.c **** 
  55:../Libraries/STM32F4xx_StdPeriph_Driver/src/stm32f4xx_syscfg.c **** /* Private typedef -----------------------------------------------------------*/
  56:../Libraries/STM32F4xx_StdPeriph_Driver/src/stm32f4xx_syscfg.c **** /* Private define ------------------------------------------------------------*/
  57:../Libraries/STM32F4xx_StdPeriph_Driver/src/stm32f4xx_syscfg.c **** /* ------------ RCC registers bit address in the alias region ----------- */
  58:../Libraries/STM32F4xx_StdPeriph_Driver/src/stm32f4xx_syscfg.c **** #define SYSCFG_OFFSET             (SYSCFG_BASE - PERIPH_BASE)
  59:../Libraries/STM32F4xx_StdPeriph_Driver/src/stm32f4xx_syscfg.c **** /* ---  PMC Register ---*/ 
  60:../Libraries/STM32F4xx_StdPeriph_Driver/src/stm32f4xx_syscfg.c **** /* Alias word address of MII_RMII_SEL bit */ 
  61:../Libraries/STM32F4xx_StdPeriph_Driver/src/stm32f4xx_syscfg.c **** #define PMC_OFFSET                (SYSCFG_OFFSET + 0x04) 
  62:../Libraries/STM32F4xx_StdPeriph_Driver/src/stm32f4xx_syscfg.c **** #define MII_RMII_SEL_BitNumber    ((uint8_t)0x17) 
  63:../Libraries/STM32F4xx_StdPeriph_Driver/src/stm32f4xx_syscfg.c **** #define PMC_MII_RMII_SEL_BB       (PERIPH_BB_BASE + (PMC_OFFSET * 32) + (MII_RMII_SEL_BitNumber * 4
  64:../Libraries/STM32F4xx_StdPeriph_Driver/src/stm32f4xx_syscfg.c **** 
  65:../Libraries/STM32F4xx_StdPeriph_Driver/src/stm32f4xx_syscfg.c **** /* ---  CMPCR Register ---*/ 
  66:../Libraries/STM32F4xx_StdPeriph_Driver/src/stm32f4xx_syscfg.c **** /* Alias word address of CMP_PD bit */ 
  67:../Libraries/STM32F4xx_StdPeriph_Driver/src/stm32f4xx_syscfg.c **** #define CMPCR_OFFSET              (SYSCFG_OFFSET + 0x20) 
  68:../Libraries/STM32F4xx_StdPeriph_Driver/src/stm32f4xx_syscfg.c **** #define CMP_PD_BitNumber          ((uint8_t)0x00) 
  69:../Libraries/STM32F4xx_StdPeriph_Driver/src/stm32f4xx_syscfg.c **** #define CMPCR_CMP_PD_BB           (PERIPH_BB_BASE + (CMPCR_OFFSET * 32) + (CMP_PD_BitNumber * 4)) 
  70:../Libraries/STM32F4xx_StdPeriph_Driver/src/stm32f4xx_syscfg.c **** 
  71:../Libraries/STM32F4xx_StdPeriph_Driver/src/stm32f4xx_syscfg.c **** /* Private macro -------------------------------------------------------------*/
  72:../Libraries/STM32F4xx_StdPeriph_Driver/src/stm32f4xx_syscfg.c **** /* Private variables ---------------------------------------------------------*/
  73:../Libraries/STM32F4xx_StdPeriph_Driver/src/stm32f4xx_syscfg.c **** /* Private function prototypes -----------------------------------------------*/
  74:../Libraries/STM32F4xx_StdPeriph_Driver/src/stm32f4xx_syscfg.c **** /* Private functions ---------------------------------------------------------*/
  75:../Libraries/STM32F4xx_StdPeriph_Driver/src/stm32f4xx_syscfg.c **** 
  76:../Libraries/STM32F4xx_StdPeriph_Driver/src/stm32f4xx_syscfg.c **** /** @defgroup SYSCFG_Private_Functions
  77:../Libraries/STM32F4xx_StdPeriph_Driver/src/stm32f4xx_syscfg.c ****   * @{
  78:../Libraries/STM32F4xx_StdPeriph_Driver/src/stm32f4xx_syscfg.c ****   */ 
  79:../Libraries/STM32F4xx_StdPeriph_Driver/src/stm32f4xx_syscfg.c **** 
  80:../Libraries/STM32F4xx_StdPeriph_Driver/src/stm32f4xx_syscfg.c **** /**
  81:../Libraries/STM32F4xx_StdPeriph_Driver/src/stm32f4xx_syscfg.c ****   * @brief  Deinitializes the Alternate Functions (remap and EXTI configuration)
  82:../Libraries/STM32F4xx_StdPeriph_Driver/src/stm32f4xx_syscfg.c ****   *   registers to their default reset values.
  83:../Libraries/STM32F4xx_StdPeriph_Driver/src/stm32f4xx_syscfg.c ****   * @param  None
  84:../Libraries/STM32F4xx_StdPeriph_Driver/src/stm32f4xx_syscfg.c ****   * @retval None
  85:../Libraries/STM32F4xx_StdPeriph_Driver/src/stm32f4xx_syscfg.c ****   */
  86:../Libraries/STM32F4xx_StdPeriph_Driver/src/stm32f4xx_syscfg.c **** void SYSCFG_DeInit(void)
  87:../Libraries/STM32F4xx_StdPeriph_Driver/src/stm32f4xx_syscfg.c **** {
  26              		.loc 1 87 0
  27              		.cfi_startproc
  28              		@ args = 0, pretend = 0, frame = 0
  29              		@ frame_needed = 1, uses_anonymous_args = 0
  30 0000 80B5     		push	{r7, lr}
  31              	.LCFI0:
  32              		.cfi_def_cfa_offset 8
  33              		.cfi_offset 14, -4
  34              		.cfi_offset 7, -8
  35 0002 00AF     		add	r7, sp, #0
  36              	.LCFI1:
  37              		.cfi_def_cfa_register 7
  88:../Libraries/STM32F4xx_StdPeriph_Driver/src/stm32f4xx_syscfg.c ****    RCC_APB2PeriphResetCmd(RCC_APB2Periph_SYSCFG, ENABLE);
  38              		.loc 1 88 0
  39 0004 4FF48040 		mov	r0, #16384
  40 0008 4FF00101 		mov	r1, #1
  41 000c FFF7FEFF 		bl	RCC_APB2PeriphResetCmd
  89:../Libraries/STM32F4xx_StdPeriph_Driver/src/stm32f4xx_syscfg.c ****    RCC_APB2PeriphResetCmd(RCC_APB2Periph_SYSCFG, DISABLE);
  42              		.loc 1 89 0
  43 0010 4FF48040 		mov	r0, #16384
  44 0014 4FF00001 		mov	r1, #0
  45 0018 FFF7FEFF 		bl	RCC_APB2PeriphResetCmd
  90:../Libraries/STM32F4xx_StdPeriph_Driver/src/stm32f4xx_syscfg.c **** }
  46              		.loc 1 90 0
  47 001c 80BD     		pop	{r7, pc}
  48              		.cfi_endproc
  49              	.LFE110:
  51 001e 00BF     		.align	2
  52              		.global	SYSCFG_MemoryRemapConfig
  53              		.thumb
  54              		.thumb_func
  56              	SYSCFG_MemoryRemapConfig:
  57              	.LFB111:
  91:../Libraries/STM32F4xx_StdPeriph_Driver/src/stm32f4xx_syscfg.c **** 
  92:../Libraries/STM32F4xx_StdPeriph_Driver/src/stm32f4xx_syscfg.c **** /**
  93:../Libraries/STM32F4xx_StdPeriph_Driver/src/stm32f4xx_syscfg.c ****   * @brief  Changes the mapping of the specified pin.
  94:../Libraries/STM32F4xx_StdPeriph_Driver/src/stm32f4xx_syscfg.c ****   * @param  SYSCFG_Memory: selects the memory remapping.
  95:../Libraries/STM32F4xx_StdPeriph_Driver/src/stm32f4xx_syscfg.c ****   *         This parameter can be one of the following values:
  96:../Libraries/STM32F4xx_StdPeriph_Driver/src/stm32f4xx_syscfg.c ****   *            @arg SYSCFG_MemoryRemap_Flash:       Main Flash memory mapped at 0x00000000  
  97:../Libraries/STM32F4xx_StdPeriph_Driver/src/stm32f4xx_syscfg.c ****   *            @arg SYSCFG_MemoryRemap_SystemFlash: System Flash memory mapped at 0x00000000
  98:../Libraries/STM32F4xx_StdPeriph_Driver/src/stm32f4xx_syscfg.c ****   *            @arg SYSCFG_MemoryRemap_FSMC:        FSMC (Bank1 (NOR/PSRAM 1 and 2) mapped at 0x000
  99:../Libraries/STM32F4xx_StdPeriph_Driver/src/stm32f4xx_syscfg.c ****   *            @arg SYSCFG_MemoryRemap_SRAM:        Embedded SRAM (112kB) mapped at 0x00000000
 100:../Libraries/STM32F4xx_StdPeriph_Driver/src/stm32f4xx_syscfg.c ****   *  
 101:../Libraries/STM32F4xx_StdPeriph_Driver/src/stm32f4xx_syscfg.c ****   * @note   In remap mode, the FSMC addressing is fixed to the remap address area only
 102:../Libraries/STM32F4xx_StdPeriph_Driver/src/stm32f4xx_syscfg.c ****   *        (Bank1 NOR/PSRAM 1 and NOR/PSRAM 2) and FSMC control registers are not
 103:../Libraries/STM32F4xx_StdPeriph_Driver/src/stm32f4xx_syscfg.c ****   *         accessible. The FSMC remap function must be disabled to allows addressing
 104:../Libraries/STM32F4xx_StdPeriph_Driver/src/stm32f4xx_syscfg.c ****   *         other memory devices through the FSMC and/or to access FSMC control
 105:../Libraries/STM32F4xx_StdPeriph_Driver/src/stm32f4xx_syscfg.c ****   *         registers. 
 106:../Libraries/STM32F4xx_StdPeriph_Driver/src/stm32f4xx_syscfg.c ****   *        
 107:../Libraries/STM32F4xx_StdPeriph_Driver/src/stm32f4xx_syscfg.c ****   * @retval None
 108:../Libraries/STM32F4xx_StdPeriph_Driver/src/stm32f4xx_syscfg.c ****   */
 109:../Libraries/STM32F4xx_StdPeriph_Driver/src/stm32f4xx_syscfg.c **** void SYSCFG_MemoryRemapConfig(uint8_t SYSCFG_MemoryRemap)
 110:../Libraries/STM32F4xx_StdPeriph_Driver/src/stm32f4xx_syscfg.c **** {
  58              		.loc 1 110 0
  59              		.cfi_startproc
  60              		@ args = 0, pretend = 0, frame = 8
  61              		@ frame_needed = 1, uses_anonymous_args = 0
  62              		@ link register save eliminated.
  63 0020 80B4     		push	{r7}
  64              	.LCFI2:
  65              		.cfi_def_cfa_offset 4
  66              		.cfi_offset 7, -4
  67 0022 83B0     		sub	sp, sp, #12
  68              	.LCFI3:
  69              		.cfi_def_cfa_offset 16
  70 0024 00AF     		add	r7, sp, #0
  71              	.LCFI4:
  72              		.cfi_def_cfa_register 7
  73 0026 0346     		mov	r3, r0
  74 0028 FB71     		strb	r3, [r7, #7]
 111:../Libraries/STM32F4xx_StdPeriph_Driver/src/stm32f4xx_syscfg.c ****   /* Check the parameters */
 112:../Libraries/STM32F4xx_StdPeriph_Driver/src/stm32f4xx_syscfg.c ****   assert_param(IS_SYSCFG_MEMORY_REMAP_CONFING(SYSCFG_MemoryRemap));
 113:../Libraries/STM32F4xx_StdPeriph_Driver/src/stm32f4xx_syscfg.c **** 
 114:../Libraries/STM32F4xx_StdPeriph_Driver/src/stm32f4xx_syscfg.c ****   SYSCFG->MEMRMP = SYSCFG_MemoryRemap;
  75              		.loc 1 114 0
  76 002a 4FF46053 		mov	r3, #14336
  77 002e C4F20103 		movt	r3, 16385
  78 0032 FA79     		ldrb	r2, [r7, #7]	@ zero_extendqisi2
  79 0034 1A60     		str	r2, [r3, #0]
 115:../Libraries/STM32F4xx_StdPeriph_Driver/src/stm32f4xx_syscfg.c **** }
  80              		.loc 1 115 0
  81 0036 07F10C07 		add	r7, r7, #12
  82 003a BD46     		mov	sp, r7
  83 003c 80BC     		pop	{r7}
  84 003e 7047     		bx	lr
  85              		.cfi_endproc
  86              	.LFE111:
  88              		.align	2
  89              		.global	SYSCFG_EXTILineConfig
  90              		.thumb
  91              		.thumb_func
  93              	SYSCFG_EXTILineConfig:
  94              	.LFB112:
 116:../Libraries/STM32F4xx_StdPeriph_Driver/src/stm32f4xx_syscfg.c **** 
 117:../Libraries/STM32F4xx_StdPeriph_Driver/src/stm32f4xx_syscfg.c **** /**
 118:../Libraries/STM32F4xx_StdPeriph_Driver/src/stm32f4xx_syscfg.c ****   * @brief  Selects the GPIO pin used as EXTI Line.
 119:../Libraries/STM32F4xx_StdPeriph_Driver/src/stm32f4xx_syscfg.c ****   * @param  EXTI_PortSourceGPIOx : selects the GPIO port to be used as source for
 120:../Libraries/STM32F4xx_StdPeriph_Driver/src/stm32f4xx_syscfg.c ****   *          EXTI lines where x can be (A..I).
 121:../Libraries/STM32F4xx_StdPeriph_Driver/src/stm32f4xx_syscfg.c ****   * @param  EXTI_PinSourcex: specifies the EXTI line to be configured.
 122:../Libraries/STM32F4xx_StdPeriph_Driver/src/stm32f4xx_syscfg.c ****   *           This parameter can be EXTI_PinSourcex where x can be (0..15, except
 123:../Libraries/STM32F4xx_StdPeriph_Driver/src/stm32f4xx_syscfg.c ****   *           for EXTI_PortSourceGPIOI x can be (0..11).
 124:../Libraries/STM32F4xx_StdPeriph_Driver/src/stm32f4xx_syscfg.c ****   * @retval None
 125:../Libraries/STM32F4xx_StdPeriph_Driver/src/stm32f4xx_syscfg.c ****   */
 126:../Libraries/STM32F4xx_StdPeriph_Driver/src/stm32f4xx_syscfg.c **** void SYSCFG_EXTILineConfig(uint8_t EXTI_PortSourceGPIOx, uint8_t EXTI_PinSourcex)
 127:../Libraries/STM32F4xx_StdPeriph_Driver/src/stm32f4xx_syscfg.c **** {
  95              		.loc 1 127 0
  96              		.cfi_startproc
  97              		@ args = 0, pretend = 0, frame = 16
  98              		@ frame_needed = 1, uses_anonymous_args = 0
  99              		@ link register save eliminated.
 100 0040 90B4     		push	{r4, r7}
 101              	.LCFI5:
 102              		.cfi_def_cfa_offset 8
 103              		.cfi_offset 7, -4
 104              		.cfi_offset 4, -8
 105 0042 84B0     		sub	sp, sp, #16
 106              	.LCFI6:
 107              		.cfi_def_cfa_offset 24
 108 0044 00AF     		add	r7, sp, #0
 109              	.LCFI7:
 110              		.cfi_def_cfa_register 7
 111 0046 0246     		mov	r2, r0
 112 0048 0B46     		mov	r3, r1
 113 004a FA71     		strb	r2, [r7, #7]
 114 004c BB71     		strb	r3, [r7, #6]
 128:../Libraries/STM32F4xx_StdPeriph_Driver/src/stm32f4xx_syscfg.c ****   uint32_t tmp = 0x00;
 115              		.loc 1 128 0
 116 004e 4FF00003 		mov	r3, #0
 117 0052 FB60     		str	r3, [r7, #12]
 129:../Libraries/STM32F4xx_StdPeriph_Driver/src/stm32f4xx_syscfg.c **** 
 130:../Libraries/STM32F4xx_StdPeriph_Driver/src/stm32f4xx_syscfg.c ****   /* Check the parameters */
 131:../Libraries/STM32F4xx_StdPeriph_Driver/src/stm32f4xx_syscfg.c ****   assert_param(IS_EXTI_PORT_SOURCE(EXTI_PortSourceGPIOx));
 132:../Libraries/STM32F4xx_StdPeriph_Driver/src/stm32f4xx_syscfg.c ****   assert_param(IS_EXTI_PIN_SOURCE(EXTI_PinSourcex));
 133:../Libraries/STM32F4xx_StdPeriph_Driver/src/stm32f4xx_syscfg.c **** 
 134:../Libraries/STM32F4xx_StdPeriph_Driver/src/stm32f4xx_syscfg.c ****   tmp = ((uint32_t)0x0F) << (0x04 * (EXTI_PinSourcex & (uint8_t)0x03));
 118              		.loc 1 134 0
 119 0054 BB79     		ldrb	r3, [r7, #6]	@ zero_extendqisi2
 120 0056 03F00303 		and	r3, r3, #3
 121 005a 4FEA8303 		lsl	r3, r3, #2
 122 005e 4FF00F02 		mov	r2, #15
 123 0062 02FA03F3 		lsl	r3, r2, r3
 124 0066 FB60     		str	r3, [r7, #12]
 135:../Libraries/STM32F4xx_StdPeriph_Driver/src/stm32f4xx_syscfg.c ****   SYSCFG->EXTICR[EXTI_PinSourcex >> 0x02] &= ~tmp;
 125              		.loc 1 135 0
 126 0068 4FF46053 		mov	r3, #14336
 127 006c C4F20103 		movt	r3, 16385
 128 0070 BA79     		ldrb	r2, [r7, #6]	@ zero_extendqisi2
 129 0072 4FEA9202 		lsr	r2, r2, #2
 130 0076 D2B2     		uxtb	r2, r2
 131 0078 1046     		mov	r0, r2
 132 007a 4FF46052 		mov	r2, #14336
 133 007e C4F20102 		movt	r2, 16385
 134 0082 B979     		ldrb	r1, [r7, #6]	@ zero_extendqisi2
 135 0084 4FEA9101 		lsr	r1, r1, #2
 136 0088 C9B2     		uxtb	r1, r1
 137 008a 01F10201 		add	r1, r1, #2
 138 008e 52F82110 		ldr	r1, [r2, r1, lsl #2]
 139 0092 FA68     		ldr	r2, [r7, #12]
 140 0094 6FEA0202 		mvn	r2, r2
 141 0098 1140     		ands	r1, r1, r2
 142 009a 00F10202 		add	r2, r0, #2
 143 009e 43F82210 		str	r1, [r3, r2, lsl #2]
 136:../Libraries/STM32F4xx_StdPeriph_Driver/src/stm32f4xx_syscfg.c ****   SYSCFG->EXTICR[EXTI_PinSourcex >> 0x02] |= (((uint32_t)EXTI_PortSourceGPIOx) << (0x04 * (EXTI_Pin
 144              		.loc 1 136 0
 145 00a2 4FF46053 		mov	r3, #14336
 146 00a6 C4F20103 		movt	r3, 16385
 147 00aa BA79     		ldrb	r2, [r7, #6]	@ zero_extendqisi2
 148 00ac 4FEA9202 		lsr	r2, r2, #2
 149 00b0 D2B2     		uxtb	r2, r2
 150 00b2 1046     		mov	r0, r2
 151 00b4 4FF46052 		mov	r2, #14336
 152 00b8 C4F20102 		movt	r2, 16385
 153 00bc B979     		ldrb	r1, [r7, #6]	@ zero_extendqisi2
 154 00be 4FEA9101 		lsr	r1, r1, #2
 155 00c2 C9B2     		uxtb	r1, r1
 156 00c4 01F10201 		add	r1, r1, #2
 157 00c8 52F82110 		ldr	r1, [r2, r1, lsl #2]
 158 00cc FC79     		ldrb	r4, [r7, #7]	@ zero_extendqisi2
 159 00ce BA79     		ldrb	r2, [r7, #6]	@ zero_extendqisi2
 160 00d0 02F00302 		and	r2, r2, #3
 161 00d4 4FEA8202 		lsl	r2, r2, #2
 162 00d8 04FA02F2 		lsl	r2, r4, r2
 163 00dc 1143     		orrs	r1, r1, r2
 164 00de 00F10202 		add	r2, r0, #2
 165 00e2 43F82210 		str	r1, [r3, r2, lsl #2]
 137:../Libraries/STM32F4xx_StdPeriph_Driver/src/stm32f4xx_syscfg.c **** }
 166              		.loc 1 137 0
 167 00e6 07F11007 		add	r7, r7, #16
 168 00ea BD46     		mov	sp, r7
 169 00ec 90BC     		pop	{r4, r7}
 170 00ee 7047     		bx	lr
 171              		.cfi_endproc
 172              	.LFE112:
 174              		.align	2
 175              		.global	SYSCFG_ETH_MediaInterfaceConfig
 176              		.thumb
 177              		.thumb_func
 179              	SYSCFG_ETH_MediaInterfaceConfig:
 180              	.LFB113:
 138:../Libraries/STM32F4xx_StdPeriph_Driver/src/stm32f4xx_syscfg.c **** 
 139:../Libraries/STM32F4xx_StdPeriph_Driver/src/stm32f4xx_syscfg.c **** /**
 140:../Libraries/STM32F4xx_StdPeriph_Driver/src/stm32f4xx_syscfg.c ****   * @brief  Selects the ETHERNET media interface 
 141:../Libraries/STM32F4xx_StdPeriph_Driver/src/stm32f4xx_syscfg.c ****   * @param  SYSCFG_ETH_MediaInterface: specifies the Media Interface mode. 
 142:../Libraries/STM32F4xx_StdPeriph_Driver/src/stm32f4xx_syscfg.c ****   *          This parameter can be one of the following values: 
 143:../Libraries/STM32F4xx_StdPeriph_Driver/src/stm32f4xx_syscfg.c ****   *            @arg SYSCFG_ETH_MediaInterface_MII: MII mode selected
 144:../Libraries/STM32F4xx_StdPeriph_Driver/src/stm32f4xx_syscfg.c ****   *            @arg SYSCFG_ETH_MediaInterface_RMII: RMII mode selected 
 145:../Libraries/STM32F4xx_StdPeriph_Driver/src/stm32f4xx_syscfg.c ****   * @retval None 
 146:../Libraries/STM32F4xx_StdPeriph_Driver/src/stm32f4xx_syscfg.c ****   */
 147:../Libraries/STM32F4xx_StdPeriph_Driver/src/stm32f4xx_syscfg.c **** void SYSCFG_ETH_MediaInterfaceConfig(uint32_t SYSCFG_ETH_MediaInterface) 
 148:../Libraries/STM32F4xx_StdPeriph_Driver/src/stm32f4xx_syscfg.c **** { 
 181              		.loc 1 148 0
 182              		.cfi_startproc
 183              		@ args = 0, pretend = 0, frame = 8
 184              		@ frame_needed = 1, uses_anonymous_args = 0
 185              		@ link register save eliminated.
 186 00f0 80B4     		push	{r7}
 187              	.LCFI8:
 188              		.cfi_def_cfa_offset 4
 189              		.cfi_offset 7, -4
 190 00f2 83B0     		sub	sp, sp, #12
 191              	.LCFI9:
 192              		.cfi_def_cfa_offset 16
 193 00f4 00AF     		add	r7, sp, #0
 194              	.LCFI10:
 195              		.cfi_def_cfa_register 7
 196 00f6 7860     		str	r0, [r7, #4]
 149:../Libraries/STM32F4xx_StdPeriph_Driver/src/stm32f4xx_syscfg.c ****   assert_param(IS_SYSCFG_ETH_MEDIA_INTERFACE(SYSCFG_ETH_MediaInterface)); 
 150:../Libraries/STM32F4xx_StdPeriph_Driver/src/stm32f4xx_syscfg.c ****   /* Configure MII_RMII selection bit */ 
 151:../Libraries/STM32F4xx_StdPeriph_Driver/src/stm32f4xx_syscfg.c ****   *(__IO uint32_t *) PMC_MII_RMII_SEL_BB = SYSCFG_ETH_MediaInterface; 
 197              		.loc 1 151 0
 198 00f8 4FF0DC03 		mov	r3, #220
 199 00fc C4F22723 		movt	r3, 16935
 200 0100 7A68     		ldr	r2, [r7, #4]
 201 0102 1A60     		str	r2, [r3, #0]
 152:../Libraries/STM32F4xx_StdPeriph_Driver/src/stm32f4xx_syscfg.c **** }
 202              		.loc 1 152 0
 203 0104 07F10C07 		add	r7, r7, #12
 204 0108 BD46     		mov	sp, r7
 205 010a 80BC     		pop	{r7}
 206 010c 7047     		bx	lr
 207              		.cfi_endproc
 208              	.LFE113:
 210 010e 00BF     		.align	2
 211              		.global	SYSCFG_CompensationCellCmd
 212              		.thumb
 213              		.thumb_func
 215              	SYSCFG_CompensationCellCmd:
 216              	.LFB114:
 153:../Libraries/STM32F4xx_StdPeriph_Driver/src/stm32f4xx_syscfg.c **** 
 154:../Libraries/STM32F4xx_StdPeriph_Driver/src/stm32f4xx_syscfg.c **** /**
 155:../Libraries/STM32F4xx_StdPeriph_Driver/src/stm32f4xx_syscfg.c ****   * @brief  Enables or disables the I/O Compensation Cell.
 156:../Libraries/STM32F4xx_StdPeriph_Driver/src/stm32f4xx_syscfg.c ****   * @note   The I/O compensation cell can be used only when the device supply
 157:../Libraries/STM32F4xx_StdPeriph_Driver/src/stm32f4xx_syscfg.c ****   *         voltage ranges from 2.4 to 3.6 V.  
 158:../Libraries/STM32F4xx_StdPeriph_Driver/src/stm32f4xx_syscfg.c ****   * @param  NewState: new state of the I/O Compensation Cell.
 159:../Libraries/STM32F4xx_StdPeriph_Driver/src/stm32f4xx_syscfg.c ****   *          This parameter can be one of the following values:
 160:../Libraries/STM32F4xx_StdPeriph_Driver/src/stm32f4xx_syscfg.c ****   *            @arg ENABLE: I/O compensation cell enabled  
 161:../Libraries/STM32F4xx_StdPeriph_Driver/src/stm32f4xx_syscfg.c ****   *            @arg DISABLE: I/O compensation cell power-down mode  
 162:../Libraries/STM32F4xx_StdPeriph_Driver/src/stm32f4xx_syscfg.c ****   * @retval None
 163:../Libraries/STM32F4xx_StdPeriph_Driver/src/stm32f4xx_syscfg.c ****   */
 164:../Libraries/STM32F4xx_StdPeriph_Driver/src/stm32f4xx_syscfg.c **** void SYSCFG_CompensationCellCmd(FunctionalState NewState)
 165:../Libraries/STM32F4xx_StdPeriph_Driver/src/stm32f4xx_syscfg.c **** {
 217              		.loc 1 165 0
 218              		.cfi_startproc
 219              		@ args = 0, pretend = 0, frame = 8
 220              		@ frame_needed = 1, uses_anonymous_args = 0
 221              		@ link register save eliminated.
 222 0110 80B4     		push	{r7}
 223              	.LCFI11:
 224              		.cfi_def_cfa_offset 4
 225              		.cfi_offset 7, -4
 226 0112 83B0     		sub	sp, sp, #12
 227              	.LCFI12:
 228              		.cfi_def_cfa_offset 16
 229 0114 00AF     		add	r7, sp, #0
 230              	.LCFI13:
 231              		.cfi_def_cfa_register 7
 232 0116 0346     		mov	r3, r0
 233 0118 FB71     		strb	r3, [r7, #7]
 166:../Libraries/STM32F4xx_StdPeriph_Driver/src/stm32f4xx_syscfg.c ****   /* Check the parameters */
 167:../Libraries/STM32F4xx_StdPeriph_Driver/src/stm32f4xx_syscfg.c ****   assert_param(IS_FUNCTIONAL_STATE(NewState));
 168:../Libraries/STM32F4xx_StdPeriph_Driver/src/stm32f4xx_syscfg.c **** 
 169:../Libraries/STM32F4xx_StdPeriph_Driver/src/stm32f4xx_syscfg.c ****   *(__IO uint32_t *) CMPCR_CMP_PD_BB = (uint32_t)NewState;
 234              		.loc 1 169 0
 235 011a 4FF48063 		mov	r3, #1024
 236 011e C4F22723 		movt	r3, 16935
 237 0122 FA79     		ldrb	r2, [r7, #7]	@ zero_extendqisi2
 238 0124 1A60     		str	r2, [r3, #0]
 170:../Libraries/STM32F4xx_StdPeriph_Driver/src/stm32f4xx_syscfg.c **** }
 239              		.loc 1 170 0
 240 0126 07F10C07 		add	r7, r7, #12
 241 012a BD46     		mov	sp, r7
 242 012c 80BC     		pop	{r7}
 243 012e 7047     		bx	lr
 244              		.cfi_endproc
 245              	.LFE114:
 247              		.align	2
 248              		.global	SYSCFG_GetCompensationCellStatus
 249              		.thumb
 250              		.thumb_func
 252              	SYSCFG_GetCompensationCellStatus:
 253              	.LFB115:
 171:../Libraries/STM32F4xx_StdPeriph_Driver/src/stm32f4xx_syscfg.c **** 
 172:../Libraries/STM32F4xx_StdPeriph_Driver/src/stm32f4xx_syscfg.c **** /**
 173:../Libraries/STM32F4xx_StdPeriph_Driver/src/stm32f4xx_syscfg.c ****   * @brief  Checks whether the I/O Compensation Cell ready flag is set or not.
 174:../Libraries/STM32F4xx_StdPeriph_Driver/src/stm32f4xx_syscfg.c ****   * @param  None
 175:../Libraries/STM32F4xx_StdPeriph_Driver/src/stm32f4xx_syscfg.c ****   * @retval The new state of the I/O Compensation Cell ready flag (SET or RESET)
 176:../Libraries/STM32F4xx_StdPeriph_Driver/src/stm32f4xx_syscfg.c ****   */
 177:../Libraries/STM32F4xx_StdPeriph_Driver/src/stm32f4xx_syscfg.c **** FlagStatus SYSCFG_GetCompensationCellStatus(void)
 178:../Libraries/STM32F4xx_StdPeriph_Driver/src/stm32f4xx_syscfg.c **** {
 254              		.loc 1 178 0
 255              		.cfi_startproc
 256              		@ args = 0, pretend = 0, frame = 8
 257              		@ frame_needed = 1, uses_anonymous_args = 0
 258              		@ link register save eliminated.
 259 0130 80B4     		push	{r7}
 260              	.LCFI14:
 261              		.cfi_def_cfa_offset 4
 262              		.cfi_offset 7, -4
 263 0132 83B0     		sub	sp, sp, #12
 264              	.LCFI15:
 265              		.cfi_def_cfa_offset 16
 266 0134 00AF     		add	r7, sp, #0
 267              	.LCFI16:
 268              		.cfi_def_cfa_register 7
 179:../Libraries/STM32F4xx_StdPeriph_Driver/src/stm32f4xx_syscfg.c ****   FlagStatus bitstatus = RESET;
 269              		.loc 1 179 0
 270 0136 4FF00003 		mov	r3, #0
 271 013a FB71     		strb	r3, [r7, #7]
 180:../Libraries/STM32F4xx_StdPeriph_Driver/src/stm32f4xx_syscfg.c ****     
 181:../Libraries/STM32F4xx_StdPeriph_Driver/src/stm32f4xx_syscfg.c ****   if ((SYSCFG->CMPCR & SYSCFG_CMPCR_READY ) != (uint32_t)RESET)
 272              		.loc 1 181 0
 273 013c 4FF46053 		mov	r3, #14336
 274 0140 C4F20103 		movt	r3, 16385
 275 0144 1B6A     		ldr	r3, [r3, #32]
 276 0146 03F48073 		and	r3, r3, #256
 277 014a 002B     		cmp	r3, #0
 278 014c 03D0     		beq	.L7
 182:../Libraries/STM32F4xx_StdPeriph_Driver/src/stm32f4xx_syscfg.c ****   {
 183:../Libraries/STM32F4xx_StdPeriph_Driver/src/stm32f4xx_syscfg.c ****     bitstatus = SET;
 279              		.loc 1 183 0
 280 014e 4FF00103 		mov	r3, #1
 281 0152 FB71     		strb	r3, [r7, #7]
 282 0154 02E0     		b	.L8
 283              	.L7:
 184:../Libraries/STM32F4xx_StdPeriph_Driver/src/stm32f4xx_syscfg.c ****   }
 185:../Libraries/STM32F4xx_StdPeriph_Driver/src/stm32f4xx_syscfg.c ****   else
 186:../Libraries/STM32F4xx_StdPeriph_Driver/src/stm32f4xx_syscfg.c ****   {
 187:../Libraries/STM32F4xx_StdPeriph_Driver/src/stm32f4xx_syscfg.c ****     bitstatus = RESET;
 284              		.loc 1 187 0
 285 0156 4FF00003 		mov	r3, #0
 286 015a FB71     		strb	r3, [r7, #7]
 287              	.L8:
 188:../Libraries/STM32F4xx_StdPeriph_Driver/src/stm32f4xx_syscfg.c ****   }
 189:../Libraries/STM32F4xx_StdPeriph_Driver/src/stm32f4xx_syscfg.c ****   return bitstatus;
 288              		.loc 1 189 0
 289 015c FB79     		ldrb	r3, [r7, #7]	@ zero_extendqisi2
 190:../Libraries/STM32F4xx_StdPeriph_Driver/src/stm32f4xx_syscfg.c **** }
 290              		.loc 1 190 0
 291 015e 1846     		mov	r0, r3
 292 0160 07F10C07 		add	r7, r7, #12
 293 0164 BD46     		mov	sp, r7
 294 0166 80BC     		pop	{r7}
 295 0168 7047     		bx	lr
 296              		.cfi_endproc
 297              	.LFE115:
 299              	.Letext0:
 300              		.file 2 "c:\\program files (x86)\\codesourcery\\eabi\\bin\\../lib/gcc/arm-none-eabi/4.6.3/../../..
 301              		.file 3 "C:\\Users\\Jure\\workspace\\TemplateProject\\Libraries\\Device\\STM32F4xx\\Include/stm32f
 302              		.file 4 "C:\\Users\\Jure\\workspace\\TemplateProject\\Libraries\\CMSIS\\Include/core_cm4.h"
DEFINED SYMBOLS
                            *ABS*:00000000 stm32f4xx_syscfg.c
C:\Users\Jure\AppData\Local\Temp\ccmq7PmO.s:18     .text:00000000 $t
C:\Users\Jure\AppData\Local\Temp\ccmq7PmO.s:23     .text:00000000 SYSCFG_DeInit
C:\Users\Jure\AppData\Local\Temp\ccmq7PmO.s:56     .text:00000020 SYSCFG_MemoryRemapConfig
C:\Users\Jure\AppData\Local\Temp\ccmq7PmO.s:93     .text:00000040 SYSCFG_EXTILineConfig
C:\Users\Jure\AppData\Local\Temp\ccmq7PmO.s:179    .text:000000f0 SYSCFG_ETH_MediaInterfaceConfig
C:\Users\Jure\AppData\Local\Temp\ccmq7PmO.s:215    .text:00000110 SYSCFG_CompensationCellCmd
C:\Users\Jure\AppData\Local\Temp\ccmq7PmO.s:252    .text:00000130 SYSCFG_GetCompensationCellStatus
                     .debug_frame:00000010 $d

UNDEFINED SYMBOLS
RCC_APB2PeriphResetCmd
