   1              		.syntax unified
   2              		.cpu cortex-m4
   3              		.fpu softvfp
   4              		.eabi_attribute 20, 1
   5              		.eabi_attribute 21, 1
   6              		.eabi_attribute 23, 3
   7              		.eabi_attribute 24, 1
   8              		.eabi_attribute 25, 1
   9              		.eabi_attribute 26, 1
  10              		.eabi_attribute 30, 6
  11              		.eabi_attribute 34, 1
  12              		.eabi_attribute 18, 4
  13              		.thumb
  14              		.file	"var.c"
  15              		.text
  16              	.Ltext0:
  17              		.cfi_sections	.debug_frame
  18              		.comm	flag0,8,4
  19              		.global	globalTemp
  20              		.bss
  21              		.align	2
  24              	globalTemp:
  25 0000 00000000 		.space	4
  26              		.global	TIM1_CCRValue4
  27              		.data
  28              		.align	1
  31              	TIM1_CCRValue4:
  32 0000 9808     		.short	2200
  33              		.global	TIM1_changeDelay
  34              		.bss
  35              		.align	1
  38              	TIM1_changeDelay:
  39 0004 0000     		.space	2
  40              		.global	TIM1CaptureValue1
  41 0006 0000     		.align	2
  44              	TIM1CaptureValue1:
  45 0008 00000000 		.space	4
  46              		.global	TIM1CaptureValue2
  47              		.align	2
  50              	TIM1CaptureValue2:
  51 000c 00000000 		.space	4
  52              		.global	TIM1CaptureValue3
  53              		.align	2
  56              	TIM1CaptureValue3:
  57 0010 00000000 		.space	4
  58              		.global	TIM1CaptureValue4
  59              		.align	2
  62              	TIM1CaptureValue4:
  63 0014 00000000 		.space	4
  64              		.global	TIM4_IC1_PreviousValue
  65              		.align	2
  68              	TIM4_IC1_PreviousValue:
  69 0018 00000000 		.space	4
  70              		.global	TIM4_IC1_LowWidth
  71              		.align	2
  74              	TIM4_IC1_LowWidth:
  75 001c 00000000 		.space	4
  76              		.global	TIM4_IC1_HighWidth
  77              		.align	2
  80              	TIM4_IC1_HighWidth:
  81 0020 00000000 		.space	4
  82              		.global	TIM4_IC2_PreviousValue
  83              		.align	2
  86              	TIM4_IC2_PreviousValue:
  87 0024 00000000 		.space	4
  88              		.global	TIM4_IC2_LowWidth
  89              		.align	2
  92              	TIM4_IC2_LowWidth:
  93 0028 00000000 		.space	4
  94              		.global	TIM4_IC2_HighWidth
  95              		.align	2
  98              	TIM4_IC2_HighWidth:
  99 002c 00000000 		.space	4
 100              		.global	TIM4_IC3_PreviousValue
 101              		.align	2
 104              	TIM4_IC3_PreviousValue:
 105 0030 00000000 		.space	4
 106              		.global	TIM4_IC3_LowWidth
 107              		.align	2
 110              	TIM4_IC3_LowWidth:
 111 0034 00000000 		.space	4
 112              		.global	TIM4_IC3_HighWidth
 113              		.align	2
 116              	TIM4_IC3_HighWidth:
 117 0038 00000000 		.space	4
 118              		.global	TIM4_IC4_PreviousValue
 119              		.align	2
 122              	TIM4_IC4_PreviousValue:
 123 003c 00000000 		.space	4
 124              		.global	TIM4_IC4_LowWidth
 125              		.align	2
 128              	TIM4_IC4_LowWidth:
 129 0040 00000000 		.space	4
 130              		.global	TIM4_IC4_HighWidth
 131              		.align	2
 134              	TIM4_IC4_HighWidth:
 135 0044 00000000 		.space	4
 136              		.global	TIM8_IC1_PreviousValue
 137              		.align	2
 140              	TIM8_IC1_PreviousValue:
 141 0048 00000000 		.space	4
 142              		.global	TIM8_IC1_LowWidth
 143              		.align	2
 146              	TIM8_IC1_LowWidth:
 147 004c 00000000 		.space	4
 148              		.global	TIM8_IC1_HighWidth
 149              		.align	2
 152              	TIM8_IC1_HighWidth:
 153 0050 00000000 		.space	4
 154              		.global	TIM8_IC2_PreviousValue
 155              		.align	2
 158              	TIM8_IC2_PreviousValue:
 159 0054 00000000 		.space	4
 160              		.global	TIM8_IC2_LowWidth
 161              		.align	2
 164              	TIM8_IC2_LowWidth:
 165 0058 00000000 		.space	4
 166              		.global	TIM8_IC2_HighWidth
 167              		.align	2
 170              	TIM8_IC2_HighWidth:
 171 005c 00000000 		.space	4
 172              		.global	TIM8_IC3_PreviousValue
 173              		.align	2
 176              	TIM8_IC3_PreviousValue:
 177 0060 00000000 		.space	4
 178              		.global	TIM8_IC3_LowWidth
 179              		.align	2
 182              	TIM8_IC3_LowWidth:
 183 0064 00000000 		.space	4
 184              		.global	TIM8_IC3_HighWidth
 185              		.align	2
 188              	TIM8_IC3_HighWidth:
 189 0068 00000000 		.space	4
 190              		.global	TIM8_IC4_PreviousValue
 191              		.align	2
 194              	TIM8_IC4_PreviousValue:
 195 006c 00000000 		.space	4
 196              		.global	TIM8_IC4_LowWidth
 197              		.align	2
 200              	TIM8_IC4_LowWidth:
 201 0070 00000000 		.space	4
 202              		.global	TIM8_IC4_HighWidth
 203              		.align	2
 206              	TIM8_IC4_HighWidth:
 207 0074 00000000 		.space	4
 208              		.global	ADC_TriggerTimer
 209              		.align	2
 212              	ADC_TriggerTimer:
 213 0078 00000000 		.space	4
 214              		.comm	UART2DMAbuffer,20,4
 215              		.global	DAC1_TIM6reloadValue
 216              		.data
 217 0002 0000     		.align	2
 220              	DAC1_TIM6reloadValue:
 221 0004 FF000000 		.word	255
 222              		.global	Sine12bit
 223              		.section	.rodata
 224              		.align	2
 227              	Sine12bit:
 228 0000 FF07     		.short	2047
 229 0002 8F09     		.short	2447
 230 0004 0F0B     		.short	2831
 231 0006 710C     		.short	3185
 232 0008 AA0D     		.short	3498
 233 000a A60E     		.short	3750
 234 000c 630F     		.short	3939
 235 000e D80F     		.short	4056
 236 0010 FF0F     		.short	4095
 237 0012 D80F     		.short	4056
 238 0014 630F     		.short	3939
 239 0016 A60E     		.short	3750
 240 0018 A70D     		.short	3495
 241 001a 710C     		.short	3185
 242 001c 0F0B     		.short	2831
 243 001e 8F09     		.short	2447
 244 0020 FF07     		.short	2047
 245 0022 6F06     		.short	1647
 246 0024 EF04     		.short	1263
 247 0026 8D03     		.short	909
 248 0028 5702     		.short	599
 249 002a 5801     		.short	344
 250 002c 9B00     		.short	155
 251 002e 2600     		.short	38
 252 0030 0000     		.short	0
 253 0032 2600     		.short	38
 254 0034 9B00     		.short	155
 255 0036 5801     		.short	344
 256 0038 5702     		.short	599
 257 003a 8D03     		.short	909
 258 003c EF04     		.short	1263
 259 003e 6F06     		.short	1647
 260              		.text
 261              	.Letext0:
 262              		.file 1 "c:\\program files (x86)\\codesourcery\\eabi\\bin\\../lib/gcc/arm-none-eabi/4.6.3/../../..
 263              		.file 2 "../src/var.h"
 264              		.file 3 "D:\\Jure\\Projekti\\Git\\AutoPilot\\AutoPilot_SW\\Libraries\\CMSIS\\Include/core_cm4.h"
 265              		.file 4 "../src/var.c"
DEFINED SYMBOLS
                            *ABS*:00000000 var.c
                            *COM*:00000008 flag0
C:\Users\Jure\AppData\Local\Temp\cc4Jk6Nc.s:24     .bss:00000000 globalTemp
C:\Users\Jure\AppData\Local\Temp\cc4Jk6Nc.s:21     .bss:00000000 $d
C:\Users\Jure\AppData\Local\Temp\cc4Jk6Nc.s:31     .data:00000000 TIM1_CCRValue4
C:\Users\Jure\AppData\Local\Temp\cc4Jk6Nc.s:28     .data:00000000 $d
C:\Users\Jure\AppData\Local\Temp\cc4Jk6Nc.s:38     .bss:00000004 TIM1_changeDelay
C:\Users\Jure\AppData\Local\Temp\cc4Jk6Nc.s:44     .bss:00000008 TIM1CaptureValue1
C:\Users\Jure\AppData\Local\Temp\cc4Jk6Nc.s:50     .bss:0000000c TIM1CaptureValue2
C:\Users\Jure\AppData\Local\Temp\cc4Jk6Nc.s:56     .bss:00000010 TIM1CaptureValue3
C:\Users\Jure\AppData\Local\Temp\cc4Jk6Nc.s:62     .bss:00000014 TIM1CaptureValue4
C:\Users\Jure\AppData\Local\Temp\cc4Jk6Nc.s:68     .bss:00000018 TIM4_IC1_PreviousValue
C:\Users\Jure\AppData\Local\Temp\cc4Jk6Nc.s:74     .bss:0000001c TIM4_IC1_LowWidth
C:\Users\Jure\AppData\Local\Temp\cc4Jk6Nc.s:80     .bss:00000020 TIM4_IC1_HighWidth
C:\Users\Jure\AppData\Local\Temp\cc4Jk6Nc.s:86     .bss:00000024 TIM4_IC2_PreviousValue
C:\Users\Jure\AppData\Local\Temp\cc4Jk6Nc.s:92     .bss:00000028 TIM4_IC2_LowWidth
C:\Users\Jure\AppData\Local\Temp\cc4Jk6Nc.s:98     .bss:0000002c TIM4_IC2_HighWidth
C:\Users\Jure\AppData\Local\Temp\cc4Jk6Nc.s:104    .bss:00000030 TIM4_IC3_PreviousValue
C:\Users\Jure\AppData\Local\Temp\cc4Jk6Nc.s:110    .bss:00000034 TIM4_IC3_LowWidth
C:\Users\Jure\AppData\Local\Temp\cc4Jk6Nc.s:116    .bss:00000038 TIM4_IC3_HighWidth
C:\Users\Jure\AppData\Local\Temp\cc4Jk6Nc.s:122    .bss:0000003c TIM4_IC4_PreviousValue
C:\Users\Jure\AppData\Local\Temp\cc4Jk6Nc.s:128    .bss:00000040 TIM4_IC4_LowWidth
C:\Users\Jure\AppData\Local\Temp\cc4Jk6Nc.s:134    .bss:00000044 TIM4_IC4_HighWidth
C:\Users\Jure\AppData\Local\Temp\cc4Jk6Nc.s:140    .bss:00000048 TIM8_IC1_PreviousValue
C:\Users\Jure\AppData\Local\Temp\cc4Jk6Nc.s:146    .bss:0000004c TIM8_IC1_LowWidth
C:\Users\Jure\AppData\Local\Temp\cc4Jk6Nc.s:152    .bss:00000050 TIM8_IC1_HighWidth
C:\Users\Jure\AppData\Local\Temp\cc4Jk6Nc.s:158    .bss:00000054 TIM8_IC2_PreviousValue
C:\Users\Jure\AppData\Local\Temp\cc4Jk6Nc.s:164    .bss:00000058 TIM8_IC2_LowWidth
C:\Users\Jure\AppData\Local\Temp\cc4Jk6Nc.s:170    .bss:0000005c TIM8_IC2_HighWidth
C:\Users\Jure\AppData\Local\Temp\cc4Jk6Nc.s:176    .bss:00000060 TIM8_IC3_PreviousValue
C:\Users\Jure\AppData\Local\Temp\cc4Jk6Nc.s:182    .bss:00000064 TIM8_IC3_LowWidth
C:\Users\Jure\AppData\Local\Temp\cc4Jk6Nc.s:188    .bss:00000068 TIM8_IC3_HighWidth
C:\Users\Jure\AppData\Local\Temp\cc4Jk6Nc.s:194    .bss:0000006c TIM8_IC4_PreviousValue
C:\Users\Jure\AppData\Local\Temp\cc4Jk6Nc.s:200    .bss:00000070 TIM8_IC4_LowWidth
C:\Users\Jure\AppData\Local\Temp\cc4Jk6Nc.s:206    .bss:00000074 TIM8_IC4_HighWidth
C:\Users\Jure\AppData\Local\Temp\cc4Jk6Nc.s:212    .bss:00000078 ADC_TriggerTimer
                            *COM*:00000014 UART2DMAbuffer
C:\Users\Jure\AppData\Local\Temp\cc4Jk6Nc.s:220    .data:00000004 DAC1_TIM6reloadValue
C:\Users\Jure\AppData\Local\Temp\cc4Jk6Nc.s:227    .rodata:00000000 Sine12bit
C:\Users\Jure\AppData\Local\Temp\cc4Jk6Nc.s:224    .rodata:00000000 $d

NO UNDEFINED SYMBOLS
